[Sun Jun 30 11:56:10 2013] [error] [client ::1] PHP Parse error:  syntax error, unexpected T_VAR, expecting T_STRING in /Users/denisbeurive/Desktop/projet/prototype/lib/System/Request.php on line 64
[Sun Jun 30 11:56:14 2013] [error] [client ::1] PHP Parse error:  syntax error, unexpected T_VAR, expecting T_STRING in /Users/denisbeurive/Desktop/projet/prototype/lib/System/Request.php on line 64
[Sun Jun 30 11:57:07 2013] [error] [client ::1] PHP Parse error:  syntax error, unexpected T_VAR, expecting T_STRING in /Users/denisbeurive/Desktop/projet/prototype/lib/System/Request.php on line 64
[Sun Jun 30 11:57:07 2013] [error] [client ::1] PHP Parse error:  syntax error, unexpected T_VAR, expecting T_STRING in /Users/denisbeurive/Desktop/projet/prototype/lib/System/Request.php on line 64
[Sun Jun 30 11:57:39 2013] [error] [client ::1] PHP Parse error:  syntax error, unexpected T_VAR, expecting T_STRING in /Users/denisbeurive/Desktop/projet/prototype/lib/System/Request.php on line 64
[Sun Jun 30 11:57:39 2013] [error] [client ::1] PHP Parse error:  syntax error, unexpected T_VAR, expecting T_STRING in /Users/denisbeurive/Desktop/projet/prototype/lib/System/Request.php on line 64
[Sun Jun 30 11:57:56 2013] [error] [client ::1] PHP Parse error:  syntax error, unexpected T_VAR, expecting T_STRING in /Users/denisbeurive/Desktop/projet/prototype/lib/System/Request.php on line 64
[Sun Jun 30 11:57:56 2013] [error] [client ::1] PHP Parse error:  syntax error, unexpected T_VAR, expecting T_STRING in /Users/denisbeurive/Desktop/projet/prototype/lib/System/Request.php on line 64
[Sun Jun 30 12:03:20 2013] [error] [client ::1] PHP Parse error:  syntax error, unexpected T_VAR, expecting T_STRING or T_VARIABLE or '$' in /Users/denisbeurive/Desktop/projet/prototype/index.php on line 201
[Sun Jun 30 12:03:20 2013] [error] [client ::1] PHP Parse error:  syntax error, unexpected T_VAR, expecting T_STRING or T_VARIABLE or '$' in /Users/denisbeurive/Desktop/projet/prototype/index.php on line 201
[Sun Jun 30 12:04:02 2013] [error] [client ::1] PHP Parse error:  syntax error, unexpected T_VAR, expecting T_STRING in /Users/denisbeurive/Desktop/projet/prototype/lib/System/Request.php on line 64
[Sun Jun 30 12:04:02 2013] [error] [client ::1] PHP Parse error:  syntax error, unexpected T_VAR, expecting T_STRING in /Users/denisbeurive/Desktop/projet/prototype/lib/System/Request.php on line 64
[Sun Jun 30 12:04:18 2013] [error] [client ::1] PHP Parse error:  syntax error, unexpected T_VAR, expecting T_STRING or T_VARIABLE or '$' in /Users/denisbeurive/Desktop/projet/prototype/index.php on line 201
[Sun Jun 30 12:04:19 2013] [error] [client ::1] PHP Parse error:  syntax error, unexpected T_VAR, expecting T_STRING or T_VARIABLE or '$' in /Users/denisbeurive/Desktop/projet/prototype/index.php on line 201
[Thu Jul 11 16:31:47 2013] [error] [client ::1] PHP Fatal error:  Uncaught exception 'Exception' with message 'Entry swinger_layout_dir does not exist in the ENV registry.' in /Users/denisbeurive/Desktop/projet/prototype/lib/System/Env.php:43\nStack trace:\n#0 /Users/denisbeurive/Desktop/projet/prototype/lib/System/Swing.php(119): Env::get('swinger_layout_...')\n#1 {main}\n  thrown in /Users/denisbeurive/Desktop/projet/prototype/lib/System/Env.php on line 43
[Thu Jul 11 16:31:48 2013] [error] [client ::1] PHP Fatal error:  Uncaught exception 'Exception' with message 'Entry swinger_layout_dir does not exist in the ENV registry.' in /Users/denisbeurive/Desktop/projet/prototype/lib/System/Env.php:43\nStack trace:\n#0 /Users/denisbeurive/Desktop/projet/prototype/lib/System/Swing.php(119): Env::get('swinger_layout_...')\n#1 {main}\n  thrown in /Users/denisbeurive/Desktop/projet/prototype/lib/System/Env.php on line 43
[Thu Jul 11 16:32:23 2013] [error] [client ::1] PHP Fatal error:  Uncaught exception 'Exception' with message 'Entry swinger_layout_dir does not exist in the ENV registry.' in /Users/denisbeurive/Desktop/projet/prototype/lib/System/Env.php:43\nStack trace:\n#0 /Users/denisbeurive/Desktop/projet/prototype/lib/System/Swing.php(119): Env::get('swinger_layout_...')\n#1 {main}\n  thrown in /Users/denisbeurive/Desktop/projet/prototype/lib/System/Env.php on line 43
[Thu Jul 11 16:32:23 2013] [error] [client ::1] PHP Fatal error:  Uncaught exception 'Exception' with message 'Entry swinger_layout_dir does not exist in the ENV registry.' in /Users/denisbeurive/Desktop/projet/prototype/lib/System/Env.php:43\nStack trace:\n#0 /Users/denisbeurive/Desktop/projet/prototype/lib/System/Swing.php(119): Env::get('swinger_layout_...')\n#1 {main}\n  thrown in /Users/denisbeurive/Desktop/projet/prototype/lib/System/Env.php on line 43
[Thu Jul 11 16:33:28 2013] [error] [client ::1] PHP Fatal error:  Uncaught exception 'Exception' with message 'Entry swinger_layout_dir does not exist in the ENV registry.' in /Users/denisbeurive/Desktop/projet/prototype/lib/System/Env.php:43\nStack trace:\n#0 /Users/denisbeurive/Desktop/projet/prototype/lib/System/Swing.php(119): Env::get('swinger_layout_...')\n#1 {main}\n  thrown in /Users/denisbeurive/Desktop/projet/prototype/lib/System/Env.php on line 43
[Thu Jul 11 16:33:28 2013] [error] [client ::1] PHP Fatal error:  Uncaught exception 'Exception' with message 'Entry swinger_layout_dir does not exist in the ENV registry.' in /Users/denisbeurive/Desktop/projet/prototype/lib/System/Env.php:43\nStack trace:\n#0 /Users/denisbeurive/Desktop/projet/prototype/lib/System/Swing.php(119): Env::get('swinger_layout_...')\n#1 {main}\n  thrown in /Users/denisbeurive/Desktop/projet/prototype/lib/System/Env.php on line 43
[Thu Jul 11 16:33:33 2013] [error] [client ::1] PHP Fatal error:  Uncaught exception 'Exception' with message 'Entry swinger_layout_dir does not exist in the ENV registry.' in /Users/denisbeurive/Desktop/projet/prototype/lib/System/Env.php:43\nStack trace:\n#0 /Users/denisbeurive/Desktop/projet/prototype/lib/System/Swing.php(119): Env::get('swinger_layout_...')\n#1 {main}\n  thrown in /Users/denisbeurive/Desktop/projet/prototype/lib/System/Env.php on line 43
[Thu Jul 11 16:33:33 2013] [error] [client ::1] PHP Fatal error:  Uncaught exception 'Exception' with message 'Entry swinger_layout_dir does not exist in the ENV registry.' in /Users/denisbeurive/Desktop/projet/prototype/lib/System/Env.php:43\nStack trace:\n#0 /Users/denisbeurive/Desktop/projet/prototype/lib/System/Swing.php(119): Env::get('swinger_layout_...')\n#1 {main}\n  thrown in /Users/denisbeurive/Desktop/projet/prototype/lib/System/Env.php on line 43
[Fri Jul 12 07:43:52 2013] [error] [client ::1] PHP Fatal error:  Uncaught exception 'Exception' with message 'Entry swinger_layout_dir does not exist in the ENV registry.' in /Users/denisbeurive/Desktop/projet/prototype/lib/System/Env.php:43\nStack trace:\n#0 /Users/denisbeurive/Desktop/projet/prototype/lib/System/Swing.php(119): Env::get('swinger_layout_...')\n#1 {main}\n  thrown in /Users/denisbeurive/Desktop/projet/prototype/lib/System/Env.php on line 43
[Fri Jul 12 07:43:53 2013] [error] [client ::1] PHP Fatal error:  Uncaught exception 'Exception' with message 'Entry swinger_layout_dir does not exist in the ENV registry.' in /Users/denisbeurive/Desktop/projet/prototype/lib/System/Env.php:43\nStack trace:\n#0 /Users/denisbeurive/Desktop/projet/prototype/lib/System/Swing.php(119): Env::get('swinger_layout_...')\n#1 {main}\n  thrown in /Users/denisbeurive/Desktop/projet/prototype/lib/System/Env.php on line 43
[Fri Jul 12 07:58:09 2013] [error] [client ::1] PHP Fatal error:  Non-abstract method SessionMySql::open() must contain body in /Users/denisbeurive/Desktop/projet/prototype/lib/System/SessionMySql.php on line 56
[Fri Jul 12 07:58:09 2013] [error] [client ::1] PHP Fatal error:  Non-abstract method SessionMySql::open() must contain body in /Users/denisbeurive/Desktop/projet/prototype/lib/System/SessionMySql.php on line 56
[Fri Jul 12 08:10:42 2013] [error] [client ::1] PHP Parse error:  syntax error, unexpected T_IF in /Users/denisbeurive/Desktop/projet/prototype/lib/System/SessionMySql.php on line 59
[Fri Jul 12 08:10:42 2013] [error] [client ::1] PHP Parse error:  syntax error, unexpected T_IF in /Users/denisbeurive/Desktop/projet/prototype/lib/System/SessionMySql.php on line 59
[Fri Jul 12 10:26:38 2013] [error] [client ::1] PHP Fatal error:  Maximum execution time of 30 seconds exceeded in /Users/denisbeurive/Desktop/projet/prototype/lib/System/Utils.php on line 88
[Fri Jul 12 10:27:11 2013] [error] [client ::1] PHP Fatal error:  Maximum execution time of 30 seconds exceeded in /Users/denisbeurive/Desktop/projet/prototype/lib/System/Utils.php on line 88
[Fri Jul 12 10:27:33 2013] [error] [client ::1] PHP Fatal error:  Maximum execution time of 30 seconds exceeded in /Users/denisbeurive/Desktop/projet/prototype/lib/System/Utils.php on line 88
[Fri Jul 12 10:27:38 2013] [error] [client ::1] PHP Fatal error:  Maximum execution time of 30 seconds exceeded in /Users/denisbeurive/Desktop/projet/prototype/lib/System/Utils.php on line 88
[Fri Jul 12 10:28:12 2013] [error] [client ::1] PHP Fatal error:  Maximum execution time of 30 seconds exceeded in /Users/denisbeurive/Desktop/projet/prototype/lib/System/Utils.php on line 88
[Fri Jul 12 10:29:03 2013] [error] [client ::1] PHP Fatal error:  Maximum execution time of 30 seconds exceeded in /Users/denisbeurive/Desktop/projet/prototype/lib/System/Utils.php on line 88
[Fri Jul 12 10:29:08 2013] [error] [client ::1] PHP Fatal error:  Maximum execution time of 30 seconds exceeded in /Users/denisbeurive/Desktop/projet/prototype/lib/System/Utils.php on line 88
[Fri Jul 12 10:29:40 2013] [error] [client ::1] PHP Fatal error:  Maximum execution time of 30 seconds exceeded in /Users/denisbeurive/Desktop/projet/prototype/lib/System/Utils.php on line 88
[Fri Jul 12 10:29:56 2013] [error] [client ::1] PHP Fatal error:  Maximum execution time of 30 seconds exceeded in /Users/denisbeurive/Desktop/projet/prototype/lib/System/Utils.php on line 88
[Fri Jul 12 10:30:29 2013] [error] [client ::1] PHP Fatal error:  Maximum execution time of 30 seconds exceeded in /Users/denisbeurive/Desktop/projet/prototype/lib/System/Utils.php on line 88
[Fri Jul 12 10:30:45 2013] [error] [client ::1] PHP Fatal error:  Maximum execution time of 30 seconds exceeded in /Users/denisbeurive/Desktop/projet/prototype/lib/System/Utils.php on line 88
[Fri Jul 12 10:31:18 2013] [error] [client ::1] PHP Fatal error:  Maximum execution time of 30 seconds exceeded in /Users/denisbeurive/Desktop/projet/prototype/lib/System/Utils.php on line 88
[Fri Jul 12 10:31:35 2013] [error] [client ::1] PHP Fatal error:  Maximum execution time of 30 seconds exceeded in /Users/denisbeurive/Desktop/projet/prototype/lib/System/Utils.php on line 88
[Fri Jul 12 10:31:57 2013] [error] [client ::1] PHP Parse error:  syntax error, unexpected T_CONSTANT_ENCAPSED_STRING, expecting ',' or ';' in /Users/denisbeurive/Desktop/projet/prototype/lib/System/Utils.php on line 88
[Fri Jul 12 10:32:09 2013] [error] [client ::1] PHP Fatal error:  Maximum execution time of 30 seconds exceeded in /Users/denisbeurive/Desktop/projet/prototype/lib/System/Utils.php on line 88
[Fri Jul 12 10:32:42 2013] [error] [client ::1] PHP Fatal error:  Maximum execution time of 30 seconds exceeded in /Users/denisbeurive/Desktop/projet/prototype/lib/System/Utils.php on line 89
[Sun Jul 14 09:49:26 2013] [error] [client ::1] PHP Parse error:  syntax error, unexpected '(', expecting ',' or ';' in /Users/denisbeurive/Desktop/projet/prototype/lib/System/Log.php on line 11
[Sun Jul 14 09:49:26 2013] [error] [client ::1] PHP Parse error:  syntax error, unexpected '(', expecting ',' or ';' in /Users/denisbeurive/Desktop/projet/prototype/lib/System/Log.php on line 11
[Sun Jul 14 09:56:10 2013] [error] [client ::1] PHP Parse error:  syntax error, unexpected T_STRING, expecting T_VARIABLE in /Users/denisbeurive/Desktop/projet/prototype/lib/System/Log.php on line 13
[Sun Jul 14 09:56:10 2013] [error] [client ::1] PHP Parse error:  syntax error, unexpected T_STRING, expecting T_VARIABLE in /Users/denisbeurive/Desktop/projet/prototype/lib/System/Log.php on line 13
[Sun Jul 14 11:00:06 2013] [error] [client ::1] PHP Fatal error:  Access to undeclared static property: Log::$_session in /Users/denisbeurive/Desktop/projet/prototype/lib/System/Log.php on line 58
[Sun Jul 14 11:00:06 2013] [error] [client ::1] PHP Fatal error:  Access to undeclared static property: Log::$_session in /Users/denisbeurive/Desktop/projet/prototype/lib/System/Log.php on line 58
[Sun Jul 14 12:16:29 2013] [error] [client ::1] Directory index forbidden by Options directive: /Users/denisbeurive/Desktop/projet/prototype/public/
[Wed Jul 17 11:49:33 2013] [error] [client ::1] PHP Fatal error:  Call to undefined function __isSingleLine() in /Users/denisbeurive/Desktop/projet/prototype/lib/System/Log.php on line 212
[Wed Jul 17 12:34:19 2013] [error] [client ::1] PHP Parse error:  syntax error, unexpected T_STRING, expecting T_VARIABLE in /Users/denisbeurive/Desktop/projet/prototype/lib/System/Log.php on line 265
[Thu Jul 18 09:56:51 2013] [error] [client ::1] PHP Fatal error:  Uncaught exception 'ExceptionOnViewLoad' in /Users/denisbeurive/Desktop/projet/prototype/swinger/lib/View.php:66\nStack trace:\n#0 /Users/denisbeurive/Desktop/projet/prototype/swinger/lib/Swing.php(140): View::load()\n#1 /Users/denisbeurive/Desktop/projet/prototype/index.php(11): include('/Users/denisbeu...')\n#2 {main}\n  thrown in /Users/denisbeurive/Desktop/projet/prototype/swinger/lib/View.php on line 66
[Thu Jul 18 10:14:08 2013] [error] [client ::1] PHP Fatal error:  Class 'Controller' not found in /Users/denisbeurive/Desktop/projet/prototype/index.php on line 79
[Thu Jul 18 10:15:02 2013] [error] [client ::1] PHP Fatal error:  Class 'Controller' not found in /Users/denisbeurive/Desktop/projet/prototype/index.php on line 79
[Thu Jul 18 10:15:05 2013] [error] [client ::1] PHP Fatal error:  Class 'Controller' not found in /Users/denisbeurive/Desktop/projet/prototype/index.php on line 79
[Thu Jul 18 10:16:46 2013] [error] [client ::1] script '/Users/denisbeurive/Desktop/projet/prototype/swinger/lib/swinger.php' not found or unable to stat
[Thu Jul 18 10:16:53 2013] [error] [client ::1] script '/Users/denisbeurive/Desktop/projet/prototype/swinger/lib/swinger.php' not found or unable to stat
[Thu Jul 18 10:16:55 2013] [error] [client ::1] script '/Users/denisbeurive/Desktop/projet/prototype/swinger/lib/swinger.php' not found or unable to stat
[Thu Jul 18 10:17:26 2013] [error] [client ::1] script '/Users/denisbeurive/Desktop/projet/prototype/swinger/lib/Swinger.php' not found or unable to stat
[Thu Jul 18 10:17:28 2013] [error] [client ::1] script '/Users/denisbeurive/Desktop/projet/prototype/swinger/lib/Swinger.php' not found or unable to stat
[Thu Jul 18 10:17:35 2013] [error] [client ::1] script '/Users/denisbeurive/Desktop/projet/prototype/swinger/lib/Swinger.php' not found or unable to stat
[Thu Jul 18 10:18:17 2013] [error] [client ::1] PHP Fatal error:  Uncaught exception 'ExceptionOnClassLoad' in /Users/denisbeurive/Desktop/projet/prototype/swinger/lib/Autoload.php:179\nStack trace:\n#0 /Users/denisbeurive/Desktop/projet/prototype/swinger/views/ExceptionOnClassLoad.php(15): __autoload('Swing')\n#1 /Users/denisbeurive/Desktop/projet/prototype/swinger/lib/Utils.php(18): include('/Users/denisbeu...')\n#2 /Users/denisbeurive/Desktop/projet/prototype/swinger/lib/View.php(63): getIncludeContents('/Users/denisbeu...')\n#3 /Users/denisbeurive/Desktop/projet/prototype/swinger/lib/Swing.php(143): View::load()\n#4 {main}\n  thrown in /Users/denisbeurive/Desktop/projet/prototype/swinger/lib/Autoload.php on line 179
[Thu Jul 18 10:18:18 2013] [error] [client ::1] File does not exist: /Users/denisbeurive/Desktop/projet/prototype/public/swinger, referer: http://prototype.com/
[Thu Jul 18 10:20:28 2013] [error] [client ::1] PHP Fatal error:  Uncaught exception 'ExceptionOnClassLoad' in /Users/denisbeurive/Desktop/projet/prototype/swinger/lib/Autoload.php:179\nStack trace:\n#0 /Users/denisbeurive/Desktop/projet/prototype/swinger/views/ExceptionOnClassLoad.php(15): __autoload('Swing')\n#1 /Users/denisbeurive/Desktop/projet/prototype/swinger/lib/Utils.php(18): include('/Users/denisbeu...')\n#2 /Users/denisbeurive/Desktop/projet/prototype/swinger/lib/View.php(63): getIncludeContents('/Users/denisbeu...')\n#3 /Users/denisbeurive/Desktop/projet/prototype/swinger/lib/Swing.php(142): View::load()\n#4 {main}\n  thrown in /Users/denisbeurive/Desktop/projet/prototype/swinger/lib/Autoload.php on line 179
[Thu Jul 18 10:20:28 2013] [error] [client ::1] File does not exist: /Users/denisbeurive/Desktop/projet/prototype/public/swinger, referer: http://prototype.com/
[Thu Jul 18 10:23:19 2013] [error] [client ::1] PHP Fatal error:  Uncaught exception 'ExceptionOnClassLoad' in /Users/denisbeurive/Desktop/projet/prototype/swinger/lib/Autoload.php:179\nStack trace:\n#0 /Users/denisbeurive/Desktop/projet/prototype/swinger/views/ExceptionOnClassLoad.php(15): __autoload('Swing')\n#1 /Users/denisbeurive/Desktop/projet/prototype/swinger/lib/Utils.php(18): include('/Users/denisbeu...')\n#2 /Users/denisbeurive/Desktop/projet/prototype/swinger/lib/View.php(63): getIncludeContents('/Users/denisbeu...')\n#3 /Users/denisbeurive/Desktop/projet/prototype/swinger/lib/Swing.php(144): View::load()\n#4 {main}\n  thrown in /Users/denisbeurive/Desktop/projet/prototype/swinger/lib/Autoload.php on line 179
[Thu Jul 18 10:23:19 2013] [error] [client ::1] File does not exist: /Users/denisbeurive/Desktop/projet/prototype/public/swinger, referer: http://prototype.com/
[Thu Jul 18 10:23:21 2013] [error] [client ::1] PHP Fatal error:  Uncaught exception 'ExceptionOnClassLoad' in /Users/denisbeurive/Desktop/projet/prototype/swinger/lib/Autoload.php:179\nStack trace:\n#0 /Users/denisbeurive/Desktop/projet/prototype/swinger/views/ExceptionOnClassLoad.php(15): __autoload('Swing')\n#1 /Users/denisbeurive/Desktop/projet/prototype/swinger/lib/Utils.php(18): include('/Users/denisbeu...')\n#2 /Users/denisbeurive/Desktop/projet/prototype/swinger/lib/View.php(63): getIncludeContents('/Users/denisbeu...')\n#3 /Users/denisbeurive/Desktop/projet/prototype/swinger/lib/Swing.php(144): View::load()\n#4 {main}\n  thrown in /Users/denisbeurive/Desktop/projet/prototype/swinger/lib/Autoload.php on line 179
[Thu Jul 18 10:23:21 2013] [error] [client ::1] File does not exist: /Users/denisbeurive/Desktop/projet/prototype/public/swinger, referer: http://prototype.com/
[Thu Jul 18 10:25:14 2013] [error] [client ::1] PHP Fatal error:  Uncaught exception 'ExceptionOnClassLoad' in /Users/denisbeurive/Desktop/projet/prototype/swinger/lib/Autoload.php:180\nStack trace:\n#0 /Users/denisbeurive/Desktop/projet/prototype/swinger/views/ExceptionOnClassLoad.php(15): __autoload('Swing')\n#1 /Users/denisbeurive/Desktop/projet/prototype/swinger/lib/Utils.php(18): include('/Users/denisbeu...')\n#2 /Users/denisbeurive/Desktop/projet/prototype/swinger/lib/View.php(63): getIncludeContents('/Users/denisbeu...')\n#3 /Users/denisbeurive/Desktop/projet/prototype/swinger/lib/Swing.php(142): View::load()\n#4 {main}\n  thrown in /Users/denisbeurive/Desktop/projet/prototype/swinger/lib/Autoload.php on line 180
[Thu Jul 18 10:25:14 2013] [error] [client ::1] File does not exist: /Users/denisbeurive/Desktop/projet/prototype/public/swinger, referer: http://prototype.com/
[Thu Jul 18 10:26:12 2013] [error] [client ::1] PHP Fatal error:  Uncaught exception 'ExceptionOnClassLoad' in /Users/denisbeurive/Desktop/projet/prototype/swinger/lib/Autoload.php:183\nStack trace:\n#0 /Users/denisbeurive/Desktop/projet/prototype/swinger/views/ExceptionOnClassLoad.php(15): __autoload('Swing')\n#1 /Users/denisbeurive/Desktop/projet/prototype/swinger/lib/Utils.php(18): include('/Users/denisbeu...')\n#2 /Users/denisbeurive/Desktop/projet/prototype/swinger/lib/View.php(63): getIncludeContents('/Users/denisbeu...')\n#3 /Users/denisbeurive/Desktop/projet/prototype/swinger/lib/Swing.php(142): View::load()\n#4 {main}\n  thrown in /Users/denisbeurive/Desktop/projet/prototype/swinger/lib/Autoload.php on line 183
[Thu Jul 18 10:26:12 2013] [error] [client ::1] File does not exist: /Users/denisbeurive/Desktop/projet/prototype/public/swinger, referer: http://prototype.com/
[Thu Jul 18 10:28:02 2013] [error] [client ::1] PHP Fatal error:  Uncaught exception 'ExceptionOnLayoutLoad' in /Users/denisbeurive/Desktop/projet/prototype/swinger/lib/Layout.php:70\nStack trace:\n#0 /Users/denisbeurive/Desktop/projet/prototype/swinger/lib/View.php(72): Layout::load()\n#1 /Users/denisbeurive/Desktop/projet/prototype/swinger/lib/Swing.php(142): View::load()\n#2 {main}\n  thrown in /Users/denisbeurive/Desktop/projet/prototype/swinger/lib/Layout.php on line 70
[Thu Jul 18 15:10:54 2013] [error] [client 127.0.0.1] PHP Fatal error:  Uncaught exception 'ExceptionOnViewLoad' in /Users/denisbeurive/Desktop/projet/prototype/swinger/lib/View.php:66\nStack trace:\n#0 /Users/denisbeurive/Desktop/projet/prototype/swinger/lib/Swing.php(144): View::load()\n#1 /Users/denisbeurive/Desktop/projet/prototype/swinger.php(4): include('/Users/denisbeu...')\n#2 {main}\n  thrown in /Users/denisbeurive/Desktop/projet/prototype/swinger/lib/View.php on line 66
[Thu Jul 18 15:26:02 2013] [error] [client 127.0.0.1] PHP Warning:  include(/lib/Swing.php) [<a href='function.include'>function.include</a>]: failed to open stream: No such file or directory in /Users/denisbeurive/Desktop/projet/prototype/swinger.php on line 10
[Thu Jul 18 15:26:02 2013] [error] [client 127.0.0.1] PHP Warning:  include() [<a href='function.include'>function.include</a>]: Failed opening '/lib/Swing.php' for inclusion (include_path='.:/Users/denisbeurive/Desktop/projet/ZendFramework-1.11.11-minimal/library') in /Users/denisbeurive/Desktop/projet/prototype/swinger.php on line 10
[Thu Jul 18 15:26:56 2013] [error] [client 127.0.0.1] File does not exist: /Users/denisbeurive/Desktop/projet/prototype/public/swinger, referer: http://prototype.com/
[Thu Jul 18 15:33:05 2013] [error] [client 127.0.0.1] File does not exist: /Users/denisbeurive/Desktop/projet/prototype/public/swinger, referer: http://prototype.com/
[Fri Jul 26 12:04:54 2013] [error] [client ::1] File does not exist: /Users/denisbeurive/Desktop/projet/prototype/public/swinger, referer: http://prototype.com/
[Fri Jul 26 12:04:55 2013] [error] [client ::1] File does not exist: /Users/denisbeurive/Desktop/projet/prototype/public/swinger, referer: http://prototype.com/
[Fri Jul 26 12:06:00 2013] [error] [client ::1] File does not exist: /Users/denisbeurive/Desktop/projet/prototype/public/swinger, referer: http://prototype.com/
[Fri Jul 26 12:06:17 2013] [error] [client ::1] File does not exist: /Users/denisbeurive/Desktop/projet/prototype/public/swinger, referer: http://prototype.com/
[Fri Jul 26 12:07:08 2013] [error] [client ::1] File does not exist: /Users/denisbeurive/Desktop/projet/prototype/public/swinger, referer: http://prototype.com/
[Fri Jul 26 12:09:22 2013] [error] [client 127.0.0.1] File does not exist: /Users/denisbeurive/Desktop/projet/prototype/public/swinger, referer: http://prototype.com/
[Fri Jul 26 12:10:38 2013] [error] [client 127.0.0.1] File does not exist: /Users/denisbeurive/Desktop/projet/prototype/public/swinger, referer: http://prototype.com/
[Fri Jul 26 12:11:00 2013] [error] [client ::1] File does not exist: /Users/denisbeurive/Desktop/projet/prototype/public/swinger, referer: http://prototype.com/
[Fri Jul 26 12:12:31 2013] [error] [client ::1] File does not exist: /Users/denisbeurive/Desktop/projet/prototype/public/swinger, referer: http://prototype.com/
[Fri Jul 26 12:12:34 2013] [error] [client ::1] File does not exist: /Users/denisbeurive/Desktop/projet/prototype/public/swinger, referer: http://prototype.com/
[Fri Jul 26 12:12:37 2013] [error] [client ::1] File does not exist: /Users/denisbeurive/Desktop/projet/prototype/public/swinger, referer: http://prototype.com/
[Fri Jul 26 12:14:00 2013] [error] [client ::1] File does not exist: /Users/denisbeurive/Desktop/projet/prototype/public/swinger, referer: http://prototype.com/
[Fri Jul 26 12:14:03 2013] [error] [client ::1] File does not exist: /Users/denisbeurive/Desktop/projet/prototype/public/swinger, referer: http://prototype.com/
[Fri Jul 26 12:14:40 2013] [error] [client ::1] File does not exist: /Users/denisbeurive/Desktop/projet/prototype/public/swinger, referer: http://prototype.com/
[Fri Jul 26 12:16:18 2013] [error] [client 127.0.0.1] File does not exist: /Users/denisbeurive/Desktop/projet/prototype/public/swinger, referer: http://prototype.com/
[Fri Jul 26 12:16:21 2013] [error] [client 127.0.0.1] File does not exist: /Users/denisbeurive/Desktop/projet/prototype/public/swinger, referer: http://prototype.com/
[Fri Jul 26 12:18:23 2013] [error] [client 127.0.0.1] File does not exist: /Users/denisbeurive/Desktop/projet/prototype/public/swinger, referer: http://prototype.com/
