::1 - - [30/Jun/2013:11:56:10 +0200] "GET / HTTP/1.1" 200 181
::1 - - [30/Jun/2013:11:56:14 +0200] "GET /favicon.ico HTTP/1.1" 200 181
::1 - - [30/Jun/2013:11:57:07 +0200] "GET / HTTP/1.1" 200 181
::1 - - [30/Jun/2013:11:57:07 +0200] "GET /favicon.ico HTTP/1.1" 200 181
::1 - - [30/Jun/2013:11:57:39 +0200] "GET / HTTP/1.1" 200 181
::1 - - [30/Jun/2013:11:57:39 +0200] "GET /favicon.ico HTTP/1.1" 200 181
::1 - - [30/Jun/2013:11:57:56 +0200] "GET / HTTP/1.1" 200 181
::1 - - [30/Jun/2013:11:57:56 +0200] "GET /favicon.ico HTTP/1.1" 200 181
::1 - - [30/Jun/2013:12:03:20 +0200] "GET / HTTP/1.1" 200 190
::1 - - [30/Jun/2013:12:03:20 +0200] "GET /favicon.ico HTTP/1.1" 200 190
::1 - - [30/Jun/2013:12:04:02 +0200] "GET / HTTP/1.1" 200 181
::1 - - [30/Jun/2013:12:04:02 +0200] "GET /favicon.ico HTTP/1.1" 200 181
::1 - - [30/Jun/2013:12:04:18 +0200] "GET / HTTP/1.1" 200 190
::1 - - [30/Jun/2013:12:04:19 +0200] "GET /favicon.ico HTTP/1.1" 200 190
::1 - - [30/Jun/2013:12:05:55 +0200] "GET / HTTP/1.1" 200 5813
::1 - - [30/Jun/2013:12:05:56 +0200] "GET /swinger/swinger.css HTTP/1.1" 304 -
::1 - - [30/Jun/2013:12:05:56 +0200] "GET /favicon.ico HTTP/1.1" 200 32
::1 - - [30/Jun/2013:12:06:05 +0200] "GET /params?a=1&b=2 HTTP/1.1" 200 53
::1 - - [30/Jun/2013:12:06:05 +0200] "GET /favicon.ico HTTP/1.1" 200 32
::1 - - [30/Jun/2013:12:06:07 +0200] "GET /favicon.ico HTTP/1.1" 200 32
::1 - - [30/Jun/2013:12:06:31 +0200] "GET /favicon.ico HTTP/1.1" 200 32
::1 - - [30/Jun/2013:12:08:34 +0200] "GET / HTTP/1.1" 200 6037
::1 - - [30/Jun/2013:12:08:34 +0200] "GET /swinger/swinger.css HTTP/1.1" 304 -
::1 - - [30/Jun/2013:12:08:34 +0200] "GET /favicon.ico HTTP/1.1" 200 32
::1 - - [30/Jun/2013:12:08:36 +0200] "GET /show/login HTTP/1.1" 200 23
::1 - - [30/Jun/2013:12:08:37 +0200] "GET /favicon.ico HTTP/1.1" 200 32
::1 - - [30/Jun/2013:12:08:39 +0200] "GET /favicon.ico HTTP/1.1" 200 32
::1 - - [30/Jun/2013:12:09:02 +0200] "GET / HTTP/1.1" 200 6059
::1 - - [30/Jun/2013:12:09:02 +0200] "GET /swinger/swinger.css HTTP/1.1" 304 -
::1 - - [30/Jun/2013:12:09:03 +0200] "GET /favicon.ico HTTP/1.1" 200 32
::1 - - [30/Jun/2013:12:09:05 +0200] "GET /show/login?login=toto HTTP/1.1" 200 15
::1 - - [30/Jun/2013:12:09:05 +0200] "GET /favicon.ico HTTP/1.1" 200 32
::1 - - [30/Jun/2013:12:09:07 +0200] "GET /favicon.ico HTTP/1.1" 200 32
::1 - - [09/Jul/2013:09:20:01 +0200] "GET / HTTP/1.1" 200 6059
::1 - - [09/Jul/2013:09:20:01 +0200] "GET /swinger/swinger.css HTTP/1.1" 200 523
::1 - - [09/Jul/2013:09:20:02 +0200] "GET /favicon.ico HTTP/1.1" 200 32
::1 - - [09/Jul/2013:09:20:09 +0200] "GET /show/login?login=toto HTTP/1.1" 200 15
::1 - - [09/Jul/2013:09:20:10 +0200] "GET /favicon.ico HTTP/1.1" 200 32
::1 - - [09/Jul/2013:09:20:12 +0200] "GET /favicon.ico HTTP/1.1" 200 32
::1 - - [09/Jul/2013:09:29:04 +0200] "GET / HTTP/1.1" 200 6059
::1 - - [09/Jul/2013:09:29:04 +0200] "GET /swinger/swinger.css HTTP/1.1" 304 -
::1 - - [09/Jul/2013:09:29:04 +0200] "GET /favicon.ico HTTP/1.1" 200 32
::1 - - [09/Jul/2013:09:29:09 +0200] "GET /jump/right HTTP/1.1" 200 32
::1 - - [09/Jul/2013:09:29:10 +0200] "GET /favicon.ico HTTP/1.1" 200 32
::1 - - [09/Jul/2013:09:29:11 +0200] "GET /favicon.ico HTTP/1.1" 200 32
::1 - - [09/Jul/2013:09:29:16 +0200] "GET /jump/left HTTP/1.1" 200 31
::1 - - [09/Jul/2013:09:29:16 +0200] "GET /favicon.ico HTTP/1.1" 200 32
::1 - - [09/Jul/2013:09:29:17 +0200] "GET /jump/left HTTP/1.1" 200 31
::1 - - [09/Jul/2013:09:29:18 +0200] "GET /favicon.ico HTTP/1.1" 200 32
::1 - - [09/Jul/2013:09:29:20 +0200] "GET /favicon.ico HTTP/1.1" 200 32
::1 - - [09/Jul/2013:09:29:22 +0200] "GET /jump HTTP/1.1" 200 34
::1 - - [09/Jul/2013:09:29:22 +0200] "GET /favicon.ico HTTP/1.1" 200 32
::1 - - [09/Jul/2013:09:29:23 +0200] "GET /favicon.ico HTTP/1.1" 200 32
::1 - - [09/Jul/2013:09:32:37 +0200] "GET / HTTP/1.1" 200 6059
::1 - - [09/Jul/2013:09:32:37 +0200] "GET /swinger/swinger.css HTTP/1.1" 304 -
::1 - - [09/Jul/2013:09:32:37 +0200] "GET /favicon.ico HTTP/1.1" 200 32
::1 - - [09/Jul/2013:09:32:41 +0200] "GET /jump/right HTTP/1.1" 200 32
::1 - - [09/Jul/2013:09:32:41 +0200] "GET /favicon.ico HTTP/1.1" 200 32
::1 - - [09/Jul/2013:09:32:43 +0200] "GET /favicon.ico HTTP/1.1" 200 32
::1 - - [09/Jul/2013:09:36:02 +0200] "GET / HTTP/1.1" 200 6059
::1 - - [09/Jul/2013:09:36:02 +0200] "GET /swinger/swinger.css HTTP/1.1" 304 -
::1 - - [09/Jul/2013:09:36:02 +0200] "GET /favicon.ico HTTP/1.1" 200 32
::1 - - [09/Jul/2013:09:59:02 +0200] "GET / HTTP/1.1" 200 6095
::1 - - [09/Jul/2013:09:59:02 +0200] "GET /swinger/swinger.css HTTP/1.1" 304 -
::1 - - [09/Jul/2013:09:59:02 +0200] "GET /favicon.ico HTTP/1.1" 200 32
::1 - - [09/Jul/2013:10:10:13 +0200] "GET / HTTP/1.1" 200 6095
::1 - - [09/Jul/2013:10:10:13 +0200] "GET /swinger/swinger.css HTTP/1.1" 304 -
::1 - - [09/Jul/2013:10:10:14 +0200] "GET /favicon.ico HTTP/1.1" 200 32
::1 - - [09/Jul/2013:10:10:58 +0200] "GET / HTTP/1.1" 200 4481
::1 - - [09/Jul/2013:10:10:58 +0200] "GET /swinger/swinger.css HTTP/1.1" 304 -
::1 - - [09/Jul/2013:10:10:58 +0200] "GET /swinger/swinger_message.png HTTP/1.1" 200 23305
::1 - - [09/Jul/2013:10:10:58 +0200] "GET /favicon.ico HTTP/1.1" 200 4291
::1 - - [09/Jul/2013:10:11:52 +0200] "GET / HTTP/1.1" 200 534
::1 - - [09/Jul/2013:10:11:52 +0200] "GET /swinger/swinger.css HTTP/1.1" 304 -
::1 - - [09/Jul/2013:10:11:52 +0200] "GET /swinger/swinger_message.png HTTP/1.1" 304 -
::1 - - [09/Jul/2013:10:11:53 +0200] "GET /favicon.ico HTTP/1.1" 200 534
::1 - - [09/Jul/2013:10:13:02 +0200] "GET / HTTP/1.1" 200 560
::1 - - [09/Jul/2013:10:13:03 +0200] "GET /swinger/swinger.css HTTP/1.1" 304 -
::1 - - [09/Jul/2013:10:13:03 +0200] "GET /swinger/swinger_message.png HTTP/1.1" 304 -
::1 - - [09/Jul/2013:10:13:03 +0200] "GET /favicon.ico HTTP/1.1" 200 560
::1 - - [09/Jul/2013:10:16:10 +0200] "GET / HTTP/1.1" 200 6095
::1 - - [09/Jul/2013:10:16:11 +0200] "GET /swinger/swinger.css HTTP/1.1" 304 -
::1 - - [09/Jul/2013:10:16:11 +0200] "GET /favicon.ico HTTP/1.1" 200 32
::1 - - [09/Jul/2013:10:16:26 +0200] "GET / HTTP/1.1" 200 6095
::1 - - [09/Jul/2013:10:16:26 +0200] "GET /swinger/swinger.css HTTP/1.1" 304 -
::1 - - [09/Jul/2013:10:16:26 +0200] "GET /favicon.ico HTTP/1.1" 200 32
::1 - - [09/Jul/2013:10:16:53 +0200] "GET / HTTP/1.1" 200 6095
::1 - - [09/Jul/2013:10:16:53 +0200] "GET /swinger/swinger.css HTTP/1.1" 304 -
::1 - - [09/Jul/2013:10:16:54 +0200] "GET /favicon.ico HTTP/1.1" 200 32
::1 - - [09/Jul/2013:10:17:03 +0200] "GET / HTTP/1.1" 200 560
::1 - - [09/Jul/2013:10:17:03 +0200] "GET /swinger/swinger.css HTTP/1.1" 304 -
::1 - - [09/Jul/2013:10:17:03 +0200] "GET /swinger/swinger_message.png HTTP/1.1" 304 -
::1 - - [09/Jul/2013:10:17:03 +0200] "GET /favicon.ico HTTP/1.1" 200 560
::1 - - [11/Jul/2013:16:23:13 +0200] "GET / HTTP/1.1" 200 6095
::1 - - [11/Jul/2013:16:23:15 +0200] "GET /favicon.ico HTTP/1.1" 200 32
::1 - - [11/Jul/2013:16:23:20 +0200] "POST /foo/bar/bla/bla HTTP/1.1" 200 32
::1 - - [11/Jul/2013:16:23:20 +0200] "GET /favicon.ico HTTP/1.1" 200 32
::1 - - [11/Jul/2013:16:23:22 +0200] "GET /favicon.ico HTTP/1.1" 200 32
::1 - - [11/Jul/2013:16:24:05 +0200] "GET / HTTP/1.1" 200 6095
::1 - - [11/Jul/2013:16:24:05 +0200] "GET /swinger/swinger.css HTTP/1.1" 304 -
::1 - - [11/Jul/2013:16:24:05 +0200] "GET /favicon.ico HTTP/1.1" 200 32
::1 - - [11/Jul/2013:16:31:47 +0200] "GET / HTTP/1.1" 200 445
::1 - - [11/Jul/2013:16:31:48 +0200] "GET /favicon.ico HTTP/1.1" 200 445
::1 - - [11/Jul/2013:16:32:08 +0200] "GET / HTTP/1.1" 200 6095
::1 - - [11/Jul/2013:16:32:08 +0200] "GET /swinger/swinger.css HTTP/1.1" 304 -
::1 - - [11/Jul/2013:16:32:08 +0200] "GET /favicon.ico HTTP/1.1" 200 32
::1 - - [11/Jul/2013:16:32:23 +0200] "GET / HTTP/1.1" 200 445
::1 - - [11/Jul/2013:16:32:23 +0200] "GET /favicon.ico HTTP/1.1" 200 445
::1 - - [11/Jul/2013:16:33:28 +0200] "GET / HTTP/1.1" 200 445
::1 - - [11/Jul/2013:16:33:28 +0200] "GET /favicon.ico HTTP/1.1" 200 445
::1 - - [11/Jul/2013:16:33:33 +0200] "GET / HTTP/1.1" 200 445
::1 - - [11/Jul/2013:16:33:33 +0200] "GET /favicon.ico HTTP/1.1" 200 445
::1 - - [12/Jul/2013:07:43:52 +0200] "GET / HTTP/1.1" 200 445
::1 - - [12/Jul/2013:07:43:53 +0200] "GET /favicon.ico HTTP/1.1" 200 445
::1 - - [12/Jul/2013:07:51:13 +0200] "GET / HTTP/1.1" 200 4304
::1 - - [12/Jul/2013:07:51:14 +0200] "GET /swinger/swinger.css HTTP/1.1" 304 -
::1 - - [12/Jul/2013:07:51:14 +0200] "GET /swinger/swinger_message.png HTTP/1.1" 304 -
::1 - - [12/Jul/2013:07:51:14 +0200] "GET /favicon.ico HTTP/1.1" 200 4114
::1 - - [12/Jul/2013:07:58:09 +0200] "GET / HTTP/1.1" 200 194
::1 - - [12/Jul/2013:07:58:09 +0200] "GET /favicon.ico HTTP/1.1" 200 194
::1 - - [12/Jul/2013:08:10:42 +0200] "GET / HTTP/1.1" 200 165
::1 - - [12/Jul/2013:08:10:42 +0200] "GET /favicon.ico HTTP/1.1" 200 165
::1 - - [12/Jul/2013:08:11:04 +0200] "GET / HTTP/1.1" 200 6095
::1 - - [12/Jul/2013:08:11:05 +0200] "GET /swinger/swinger.css HTTP/1.1" 304 -
::1 - - [12/Jul/2013:08:11:05 +0200] "GET /favicon.ico HTTP/1.1" 200 32
::1 - - [12/Jul/2013:08:12:14 +0200] "GET / HTTP/1.1" 200 6095
::1 - - [12/Jul/2013:08:12:14 +0200] "GET /swinger/swinger.css HTTP/1.1" 304 -
::1 - - [12/Jul/2013:08:12:14 +0200] "GET /favicon.ico HTTP/1.1" 200 32
::1 - - [12/Jul/2013:08:14:17 +0200] "GET / HTTP/1.1" 200 6095
::1 - - [12/Jul/2013:08:14:17 +0200] "GET /swinger/swinger.css HTTP/1.1" 304 -
::1 - - [12/Jul/2013:08:14:17 +0200] "GET /favicon.ico HTTP/1.1" 200 32
::1 - - [12/Jul/2013:08:14:22 +0200] "GET / HTTP/1.1" 200 6095
::1 - - [12/Jul/2013:08:14:22 +0200] "GET /swinger/swinger.css HTTP/1.1" 304 -
::1 - - [12/Jul/2013:08:14:22 +0200] "GET /favicon.ico HTTP/1.1" 200 32
::1 - - [12/Jul/2013:08:39:59 +0200] "GET / HTTP/1.1" 200 6095
::1 - - [12/Jul/2013:08:39:59 +0200] "GET /swinger/swinger.css HTTP/1.1" 304 -
::1 - - [12/Jul/2013:08:39:59 +0200] "GET /favicon.ico HTTP/1.1" 200 32
::1 - - [12/Jul/2013:08:41:14 +0200] "GET / HTTP/1.1" 200 6095
::1 - - [12/Jul/2013:08:41:14 +0200] "GET /swinger/swinger.css HTTP/1.1" 304 -
::1 - - [12/Jul/2013:08:41:14 +0200] "GET /favicon.ico HTTP/1.1" 200 32
::1 - - [12/Jul/2013:08:41:34 +0200] "GET / HTTP/1.1" 200 6095
::1 - - [12/Jul/2013:08:41:34 +0200] "GET /swinger/swinger.css HTTP/1.1" 304 -
::1 - - [12/Jul/2013:08:41:34 +0200] "GET /favicon.ico HTTP/1.1" 200 32
::1 - - [12/Jul/2013:08:43:14 +0200] "GET / HTTP/1.1" 200 6095
::1 - - [12/Jul/2013:08:43:14 +0200] "GET /swinger/swinger.css HTTP/1.1" 304 -
::1 - - [12/Jul/2013:08:43:14 +0200] "GET /favicon.ico HTTP/1.1" 200 32
::1 - - [12/Jul/2013:08:43:25 +0200] "GET / HTTP/1.1" 200 6095
::1 - - [12/Jul/2013:08:43:25 +0200] "GET /swinger/swinger.css HTTP/1.1" 304 -
::1 - - [12/Jul/2013:08:43:25 +0200] "GET /favicon.ico HTTP/1.1" 200 32
::1 - - [12/Jul/2013:08:43:35 +0200] "GET / HTTP/1.1" 200 6095
::1 - - [12/Jul/2013:08:43:35 +0200] "GET /swinger/swinger.css HTTP/1.1" 304 -
::1 - - [12/Jul/2013:08:43:35 +0200] "GET /favicon.ico HTTP/1.1" 200 32
::1 - - [12/Jul/2013:08:43:39 +0200] "GET / HTTP/1.1" 200 6095
::1 - - [12/Jul/2013:08:43:39 +0200] "GET /swinger/swinger.css HTTP/1.1" 304 -
::1 - - [12/Jul/2013:08:43:39 +0200] "GET /favicon.ico HTTP/1.1" 200 32
::1 - - [12/Jul/2013:08:44:22 +0200] "GET / HTTP/1.1" 200 6095
::1 - - [12/Jul/2013:08:44:22 +0200] "GET /swinger/swinger.css HTTP/1.1" 304 -
::1 - - [12/Jul/2013:08:44:22 +0200] "GET /favicon.ico HTTP/1.1" 200 32
::1 - - [12/Jul/2013:08:44:30 +0200] "GET / HTTP/1.1" 200 6095
::1 - - [12/Jul/2013:08:44:30 +0200] "GET /swinger/swinger.css HTTP/1.1" 304 -
::1 - - [12/Jul/2013:08:44:30 +0200] "GET /favicon.ico HTTP/1.1" 200 32
::1 - - [12/Jul/2013:08:44:42 +0200] "GET / HTTP/1.1" 200 6095
::1 - - [12/Jul/2013:08:44:42 +0200] "GET /swinger/swinger.css HTTP/1.1" 304 -
::1 - - [12/Jul/2013:08:44:43 +0200] "GET /favicon.ico HTTP/1.1" 200 32
::1 - - [12/Jul/2013:08:45:07 +0200] "GET / HTTP/1.1" 200 6095
::1 - - [12/Jul/2013:08:45:07 +0200] "GET /swinger/swinger.css HTTP/1.1" 304 -
::1 - - [12/Jul/2013:08:45:07 +0200] "GET /favicon.ico HTTP/1.1" 200 32
::1 - - [12/Jul/2013:08:45:17 +0200] "GET / HTTP/1.1" 200 6095
::1 - - [12/Jul/2013:08:45:17 +0200] "GET /swinger/swinger.css HTTP/1.1" 304 -
::1 - - [12/Jul/2013:08:45:17 +0200] "GET /favicon.ico HTTP/1.1" 200 32
::1 - - [12/Jul/2013:08:46:53 +0200] "GET / HTTP/1.1" 200 6095
::1 - - [12/Jul/2013:08:46:53 +0200] "GET /swinger/swinger.css HTTP/1.1" 304 -
::1 - - [12/Jul/2013:08:46:53 +0200] "GET /favicon.ico HTTP/1.1" 200 32
::1 - - [12/Jul/2013:08:46:55 +0200] "GET / HTTP/1.1" 200 6095
::1 - - [12/Jul/2013:08:46:55 +0200] "GET /swinger/swinger.css HTTP/1.1" 304 -
::1 - - [12/Jul/2013:08:46:55 +0200] "GET /favicon.ico HTTP/1.1" 200 32
::1 - - [12/Jul/2013:08:46:56 +0200] "GET / HTTP/1.1" 200 6095
::1 - - [12/Jul/2013:08:46:56 +0200] "GET /swinger/swinger.css HTTP/1.1" 304 -
::1 - - [12/Jul/2013:08:46:56 +0200] "GET /favicon.ico HTTP/1.1" 200 32
::1 - - [12/Jul/2013:08:52:30 +0200] "GET / HTTP/1.1" 200 6095
::1 - - [12/Jul/2013:08:52:30 +0200] "GET /swinger/swinger.css HTTP/1.1" 304 -
::1 - - [12/Jul/2013:08:52:31 +0200] "GET /favicon.ico HTTP/1.1" 200 32
::1 - - [12/Jul/2013:08:52:55 +0200] "GET / HTTP/1.1" 200 6095
::1 - - [12/Jul/2013:08:52:55 +0200] "GET /swinger/swinger.css HTTP/1.1" 304 -
::1 - - [12/Jul/2013:08:52:55 +0200] "GET /favicon.ico HTTP/1.1" 200 32
::1 - - [12/Jul/2013:08:56:53 +0200] "GET / HTTP/1.1" 200 6095
::1 - - [12/Jul/2013:08:56:53 +0200] "GET /swinger/swinger.css HTTP/1.1" 304 -
::1 - - [12/Jul/2013:08:56:54 +0200] "GET /favicon.ico HTTP/1.1" 200 32
::1 - - [12/Jul/2013:09:03:30 +0200] "GET / HTTP/1.1" 200 6095
::1 - - [12/Jul/2013:09:03:30 +0200] "GET /swinger/swinger.css HTTP/1.1" 304 -
::1 - - [12/Jul/2013:09:03:31 +0200] "GET /favicon.ico HTTP/1.1" 200 32
::1 - - [12/Jul/2013:09:03:57 +0200] "GET / HTTP/1.1" 200 6095
::1 - - [12/Jul/2013:09:03:57 +0200] "GET /swinger/swinger.css HTTP/1.1" 304 -
::1 - - [12/Jul/2013:09:03:57 +0200] "GET /favicon.ico HTTP/1.1" 200 32
::1 - - [12/Jul/2013:09:07:36 +0200] "GET / HTTP/1.1" 200 6095
::1 - - [12/Jul/2013:09:07:36 +0200] "GET /swinger/swinger.css HTTP/1.1" 304 -
::1 - - [12/Jul/2013:09:07:36 +0200] "GET /favicon.ico HTTP/1.1" 200 32
::1 - - [12/Jul/2013:09:10:20 +0200] "GET / HTTP/1.1" 200 6095
::1 - - [12/Jul/2013:09:10:20 +0200] "GET /swinger/swinger.css HTTP/1.1" 304 -
::1 - - [12/Jul/2013:09:10:20 +0200] "GET /favicon.ico HTTP/1.1" 200 32
::1 - - [12/Jul/2013:09:11:05 +0200] "GET / HTTP/1.1" 200 6097
::1 - - [12/Jul/2013:09:11:05 +0200] "GET /swinger/swinger.css HTTP/1.1" 304 -
::1 - - [12/Jul/2013:09:11:06 +0200] "GET /favicon.ico HTTP/1.1" 200 32
::1 - - [12/Jul/2013:09:11:41 +0200] "GET / HTTP/1.1" 200 6121
::1 - - [12/Jul/2013:09:11:41 +0200] "GET /swinger/swinger.css HTTP/1.1" 304 -
::1 - - [12/Jul/2013:09:11:42 +0200] "GET /favicon.ico HTTP/1.1" 200 32
::1 - - [12/Jul/2013:09:11:44 +0200] "GET / HTTP/1.1" 200 6121
::1 - - [12/Jul/2013:09:11:44 +0200] "GET /swinger/swinger.css HTTP/1.1" 304 -
::1 - - [12/Jul/2013:09:11:45 +0200] "GET /favicon.ico HTTP/1.1" 200 32
::1 - - [12/Jul/2013:09:13:58 +0200] "GET / HTTP/1.1" 200 6121
::1 - - [12/Jul/2013:09:13:58 +0200] "GET /swinger/swinger.css HTTP/1.1" 304 -
::1 - - [12/Jul/2013:09:13:58 +0200] "GET /favicon.ico HTTP/1.1" 200 32
::1 - - [12/Jul/2013:09:14:31 +0200] "GET / HTTP/1.1" 200 6124
::1 - - [12/Jul/2013:09:14:31 +0200] "GET /swinger/swinger.css HTTP/1.1" 304 -
::1 - - [12/Jul/2013:09:14:31 +0200] "GET /favicon.ico HTTP/1.1" 200 32
::1 - - [12/Jul/2013:09:14:43 +0200] "GET / HTTP/1.1" 200 6124
::1 - - [12/Jul/2013:09:14:43 +0200] "GET /swinger/swinger.css HTTP/1.1" 304 -
::1 - - [12/Jul/2013:09:14:43 +0200] "GET /favicon.ico HTTP/1.1" 200 32
::1 - - [12/Jul/2013:09:41:42 +0200] "GET / HTTP/1.1" 200 6124
::1 - - [12/Jul/2013:09:41:43 +0200] "GET /swinger/swinger.css HTTP/1.1" 304 -
::1 - - [12/Jul/2013:09:41:43 +0200] "GET /favicon.ico HTTP/1.1" 200 32
::1 - - [12/Jul/2013:09:42:09 +0200] "GET / HTTP/1.1" 200 6126
::1 - - [12/Jul/2013:09:42:09 +0200] "GET /swinger/swinger.css HTTP/1.1" 304 -
::1 - - [12/Jul/2013:09:42:10 +0200] "GET /favicon.ico HTTP/1.1" 200 32
::1 - - [12/Jul/2013:09:42:12 +0200] "GET / HTTP/1.1" 200 6126
::1 - - [12/Jul/2013:09:42:13 +0200] "GET /swinger/swinger.css HTTP/1.1" 304 -
::1 - - [12/Jul/2013:09:42:13 +0200] "GET /favicon.ico HTTP/1.1" 200 32
::1 - - [12/Jul/2013:09:42:14 +0200] "GET / HTTP/1.1" 200 6126
::1 - - [12/Jul/2013:09:42:14 +0200] "GET /swinger/swinger.css HTTP/1.1" 304 -
::1 - - [12/Jul/2013:09:42:15 +0200] "GET /favicon.ico HTTP/1.1" 200 32
::1 - - [12/Jul/2013:09:42:16 +0200] "GET / HTTP/1.1" 200 6126
::1 - - [12/Jul/2013:09:42:16 +0200] "GET /swinger/swinger.css HTTP/1.1" 304 -
::1 - - [12/Jul/2013:09:42:17 +0200] "GET /favicon.ico HTTP/1.1" 200 32
::1 - - [12/Jul/2013:09:42:19 +0200] "GET / HTTP/1.1" 200 6126
::1 - - [12/Jul/2013:09:42:19 +0200] "GET /swinger/swinger.css HTTP/1.1" 304 -
::1 - - [12/Jul/2013:09:42:20 +0200] "GET /favicon.ico HTTP/1.1" 200 32
::1 - - [12/Jul/2013:09:42:21 +0200] "GET / HTTP/1.1" 200 6126
::1 - - [12/Jul/2013:09:42:21 +0200] "GET /swinger/swinger.css HTTP/1.1" 304 -
::1 - - [12/Jul/2013:09:42:22 +0200] "GET /favicon.ico HTTP/1.1" 200 32
::1 - - [12/Jul/2013:09:42:23 +0200] "GET / HTTP/1.1" 200 6126
::1 - - [12/Jul/2013:09:42:23 +0200] "GET /swinger/swinger.css HTTP/1.1" 304 -
::1 - - [12/Jul/2013:09:42:23 +0200] "GET /favicon.ico HTTP/1.1" 200 32
::1 - - [12/Jul/2013:09:43:25 +0200] "GET / HTTP/1.1" 200 6126
::1 - - [12/Jul/2013:09:43:25 +0200] "GET /swinger/swinger.css HTTP/1.1" 304 -
::1 - - [12/Jul/2013:09:43:25 +0200] "GET /favicon.ico HTTP/1.1" 200 32
::1 - - [12/Jul/2013:09:43:28 +0200] "GET / HTTP/1.1" 200 6126
::1 - - [12/Jul/2013:09:43:28 +0200] "GET /swinger/swinger.css HTTP/1.1" 304 -
::1 - - [12/Jul/2013:09:43:28 +0200] "GET /favicon.ico HTTP/1.1" 200 32
::1 - - [12/Jul/2013:09:43:29 +0200] "GET / HTTP/1.1" 200 6126
::1 - - [12/Jul/2013:09:43:29 +0200] "GET /swinger/swinger.css HTTP/1.1" 304 -
::1 - - [12/Jul/2013:09:43:30 +0200] "GET /favicon.ico HTTP/1.1" 200 32
::1 - - [12/Jul/2013:09:44:40 +0200] "GET / HTTP/1.1" 200 6125
::1 - - [12/Jul/2013:09:44:40 +0200] "GET /swinger/swinger.css HTTP/1.1" 304 -
::1 - - [12/Jul/2013:09:44:40 +0200] "GET /favicon.ico HTTP/1.1" 200 32
::1 - - [12/Jul/2013:09:44:42 +0200] "GET / HTTP/1.1" 200 6125
::1 - - [12/Jul/2013:09:44:42 +0200] "GET /swinger/swinger.css HTTP/1.1" 304 -
::1 - - [12/Jul/2013:09:44:43 +0200] "GET /favicon.ico HTTP/1.1" 200 32
::1 - - [12/Jul/2013:09:44:46 +0200] "GET / HTTP/1.1" 200 6125
::1 - - [12/Jul/2013:09:44:46 +0200] "GET /swinger/swinger.css HTTP/1.1" 304 -
::1 - - [12/Jul/2013:09:44:46 +0200] "GET /favicon.ico HTTP/1.1" 200 32
::1 - - [12/Jul/2013:09:44:47 +0200] "GET / HTTP/1.1" 200 6125
::1 - - [12/Jul/2013:09:44:47 +0200] "GET /swinger/swinger.css HTTP/1.1" 304 -
::1 - - [12/Jul/2013:09:44:48 +0200] "GET /favicon.ico HTTP/1.1" 200 32
::1 - - [12/Jul/2013:09:44:49 +0200] "GET / HTTP/1.1" 200 6125
::1 - - [12/Jul/2013:09:44:49 +0200] "GET /swinger/swinger.css HTTP/1.1" 304 -
::1 - - [12/Jul/2013:09:44:49 +0200] "GET /favicon.ico HTTP/1.1" 200 32
::1 - - [12/Jul/2013:09:44:54 +0200] "GET / HTTP/1.1" 200 6125
::1 - - [12/Jul/2013:09:44:55 +0200] "GET /swinger/swinger.css HTTP/1.1" 304 -
::1 - - [12/Jul/2013:09:44:55 +0200] "GET /favicon.ico HTTP/1.1" 200 32
::1 - - [12/Jul/2013:09:44:58 +0200] "GET / HTTP/1.1" 200 6125
::1 - - [12/Jul/2013:09:44:58 +0200] "GET /swinger/swinger.css HTTP/1.1" 304 -
::1 - - [12/Jul/2013:09:44:58 +0200] "GET /favicon.ico HTTP/1.1" 200 32
::1 - - [12/Jul/2013:09:45:00 +0200] "GET / HTTP/1.1" 200 6125
::1 - - [12/Jul/2013:09:45:00 +0200] "GET /swinger/swinger.css HTTP/1.1" 304 -
::1 - - [12/Jul/2013:09:45:00 +0200] "GET /favicon.ico HTTP/1.1" 200 32
::1 - - [12/Jul/2013:09:45:04 +0200] "GET / HTTP/1.1" 200 6125
::1 - - [12/Jul/2013:09:45:04 +0200] "GET /swinger/swinger.css HTTP/1.1" 304 -
::1 - - [12/Jul/2013:09:45:04 +0200] "GET /favicon.ico HTTP/1.1" 200 32
::1 - - [12/Jul/2013:09:46:17 +0200] "GET / HTTP/1.1" 200 6126
::1 - - [12/Jul/2013:09:46:17 +0200] "GET /swinger/swinger.css HTTP/1.1" 304 -
::1 - - [12/Jul/2013:09:46:18 +0200] "GET /favicon.ico HTTP/1.1" 200 32
::1 - - [12/Jul/2013:09:46:20 +0200] "GET / HTTP/1.1" 200 6126
::1 - - [12/Jul/2013:09:46:20 +0200] "GET /swinger/swinger.css HTTP/1.1" 304 -
::1 - - [12/Jul/2013:09:46:20 +0200] "GET /favicon.ico HTTP/1.1" 200 32
::1 - - [12/Jul/2013:09:46:39 +0200] "GET / HTTP/1.1" 200 6125
::1 - - [12/Jul/2013:09:46:39 +0200] "GET /swinger/swinger.css HTTP/1.1" 304 -
::1 - - [12/Jul/2013:09:46:39 +0200] "GET /favicon.ico HTTP/1.1" 200 32
::1 - - [12/Jul/2013:09:46:42 +0200] "GET / HTTP/1.1" 200 6125
::1 - - [12/Jul/2013:09:46:42 +0200] "GET /swinger/swinger.css HTTP/1.1" 304 -
::1 - - [12/Jul/2013:09:46:42 +0200] "GET /favicon.ico HTTP/1.1" 200 32
::1 - - [12/Jul/2013:09:46:45 +0200] "GET / HTTP/1.1" 200 6125
::1 - - [12/Jul/2013:09:46:45 +0200] "GET /swinger/swinger.css HTTP/1.1" 304 -
::1 - - [12/Jul/2013:09:46:45 +0200] "GET /favicon.ico HTTP/1.1" 200 32
::1 - - [12/Jul/2013:09:46:47 +0200] "GET / HTTP/1.1" 200 6125
::1 - - [12/Jul/2013:09:46:47 +0200] "GET /swinger/swinger.css HTTP/1.1" 304 -
::1 - - [12/Jul/2013:09:46:47 +0200] "GET /favicon.ico HTTP/1.1" 200 32
::1 - - [12/Jul/2013:09:46:53 +0200] "GET / HTTP/1.1" 200 6125
::1 - - [12/Jul/2013:09:46:53 +0200] "GET /swinger/swinger.css HTTP/1.1" 304 -
::1 - - [12/Jul/2013:09:46:53 +0200] "GET /favicon.ico HTTP/1.1" 200 32
::1 - - [12/Jul/2013:09:46:56 +0200] "POST /a/b/c HTTP/1.1" 200 16
::1 - - [12/Jul/2013:09:46:56 +0200] "GET /favicon.ico HTTP/1.1" 200 32
::1 - - [12/Jul/2013:09:46:58 +0200] "GET / HTTP/1.1" 200 6125
::1 - - [12/Jul/2013:09:46:58 +0200] "GET /favicon.ico HTTP/1.1" 200 32
::1 - - [12/Jul/2013:09:47:01 +0200] "GET / HTTP/1.1" 200 6125
::1 - - [12/Jul/2013:09:47:01 +0200] "GET /swinger/swinger.css HTTP/1.1" 304 -
::1 - - [12/Jul/2013:09:47:01 +0200] "GET /favicon.ico HTTP/1.1" 200 32
::1 - - [12/Jul/2013:09:52:04 +0200] "GET / HTTP/1.1" 200 6152
::1 - - [12/Jul/2013:09:52:05 +0200] "GET /swinger/swinger.css HTTP/1.1" 304 -
::1 - - [12/Jul/2013:09:52:05 +0200] "GET /favicon.ico HTTP/1.1" 200 32
::1 - - [12/Jul/2013:09:55:36 +0200] "GET / HTTP/1.1" 200 6156
::1 - - [12/Jul/2013:09:55:36 +0200] "GET /swinger/swinger.css HTTP/1.1" 304 -
::1 - - [12/Jul/2013:09:55:36 +0200] "GET /favicon.ico HTTP/1.1" 200 32
::1 - - [12/Jul/2013:09:55:38 +0200] "GET / HTTP/1.1" 200 6156
::1 - - [12/Jul/2013:09:55:38 +0200] "GET /swinger/swinger.css HTTP/1.1" 304 -
::1 - - [12/Jul/2013:09:55:38 +0200] "GET /favicon.ico HTTP/1.1" 200 32
::1 - - [12/Jul/2013:09:55:41 +0200] "GET / HTTP/1.1" 200 6156
::1 - - [12/Jul/2013:09:55:41 +0200] "GET /swinger/swinger.css HTTP/1.1" 304 -
::1 - - [12/Jul/2013:09:55:42 +0200] "GET /favicon.ico HTTP/1.1" 200 32
::1 - - [12/Jul/2013:09:55:43 +0200] "GET / HTTP/1.1" 200 6156
::1 - - [12/Jul/2013:09:55:43 +0200] "GET /swinger/swinger.css HTTP/1.1" 304 -
::1 - - [12/Jul/2013:09:55:44 +0200] "GET /favicon.ico HTTP/1.1" 200 32
::1 - - [12/Jul/2013:09:55:45 +0200] "GET / HTTP/1.1" 200 6156
::1 - - [12/Jul/2013:09:55:45 +0200] "GET /swinger/swinger.css HTTP/1.1" 304 -
::1 - - [12/Jul/2013:09:55:45 +0200] "GET /favicon.ico HTTP/1.1" 200 32
::1 - - [12/Jul/2013:09:55:46 +0200] "GET / HTTP/1.1" 200 6157
::1 - - [12/Jul/2013:09:55:46 +0200] "GET /swinger/swinger.css HTTP/1.1" 304 -
::1 - - [12/Jul/2013:09:55:46 +0200] "GET /favicon.ico HTTP/1.1" 200 32
::1 - - [12/Jul/2013:10:24:27 +0200] "GET / HTTP/1.1" 200 6157
::1 - - [12/Jul/2013:10:24:27 +0200] "GET /swinger/swinger.css HTTP/1.1" 304 -
::1 - - [12/Jul/2013:10:24:27 +0200] "GET /favicon.ico HTTP/1.1" 200 32
::1 - - [12/Jul/2013:10:26:04 +0200] "GET / HTTP/1.1" 200 174
::1 - - [12/Jul/2013:10:26:38 +0200] "GET /favicon.ico HTTP/1.1" 200 174
::1 - - [12/Jul/2013:10:27:01 +0200] "GET / HTTP/1.1" 200 174
::1 - - [12/Jul/2013:10:27:06 +0200] "GET / HTTP/1.1" 200 174
::1 - - [12/Jul/2013:10:27:38 +0200] "GET /favicon.ico HTTP/1.1" 200 174
::1 - - [12/Jul/2013:10:28:32 +0200] "GET / HTTP/1.1" 200 174
::1 - - [12/Jul/2013:10:28:36 +0200] "GET / HTTP/1.1" 200 174
::1 - - [12/Jul/2013:10:29:08 +0200] "GET /favicon.ico HTTP/1.1" 200 174
::1 - - [12/Jul/2013:10:29:23 +0200] "GET / HTTP/1.1" 200 174
::1 - - [12/Jul/2013:10:29:56 +0200] "GET /favicon.ico HTTP/1.1" 200 174
::1 - - [12/Jul/2013:10:30:12 +0200] "GET / HTTP/1.1" 200 174
::1 - - [12/Jul/2013:10:30:45 +0200] "GET /favicon.ico HTTP/1.1" 200 174
::1 - - [12/Jul/2013:10:31:02 +0200] "GET / HTTP/1.1" 200 174
::1 - - [12/Jul/2013:10:31:57 +0200] "GET / HTTP/1.1" 200 202
::1 - - [12/Jul/2013:10:31:35 +0200] "GET /favicon.ico HTTP/1.1" 200 174
::1 - - [12/Jul/2013:10:32:08 +0200] "GET / HTTP/1.1" 200 991232
::1 - - [12/Jul/2013:10:32:22 +0200] "GET / HTTP/1.1" 200 2
::1 - - [12/Jul/2013:10:32:09 +0200] "GET /favicon.ico HTTP/1.1" 200 11802776
::1 - - [12/Jul/2013:10:32:42 +0200] "GET /favicon.ico HTTP/1.1" 200 2
::1 - - [12/Jul/2013:10:32:42 +0200] "GET /favicon.ico HTTP/1.1" 200 2
::1 - - [12/Jul/2013:10:33:00 +0200] "GET / HTTP/1.1" 200 17
::1 - - [12/Jul/2013:10:33:01 +0200] "GET /favicon.ico HTTP/1.1" 200 17
::1 - - [12/Jul/2013:10:33:03 +0200] "GET / HTTP/1.1" 200 17
::1 - - [12/Jul/2013:10:33:03 +0200] "GET /favicon.ico HTTP/1.1" 200 17
::1 - - [12/Jul/2013:10:33:05 +0200] "GET / HTTP/1.1" 200 17
::1 - - [12/Jul/2013:10:33:05 +0200] "GET /favicon.ico HTTP/1.1" 200 17
::1 - - [12/Jul/2013:10:33:06 +0200] "GET / HTTP/1.1" 200 17
::1 - - [12/Jul/2013:10:33:07 +0200] "GET /favicon.ico HTTP/1.1" 200 17
::1 - - [12/Jul/2013:10:33:08 +0200] "GET / HTTP/1.1" 200 17
::1 - - [12/Jul/2013:10:33:08 +0200] "GET /favicon.ico HTTP/1.1" 200 17
::1 - - [12/Jul/2013:10:33:09 +0200] "GET / HTTP/1.1" 200 17
::1 - - [12/Jul/2013:10:33:09 +0200] "GET /favicon.ico HTTP/1.1" 200 17
::1 - - [12/Jul/2013:10:33:10 +0200] "GET / HTTP/1.1" 200 17
::1 - - [12/Jul/2013:10:33:10 +0200] "GET /favicon.ico HTTP/1.1" 200 17
::1 - - [12/Jul/2013:10:34:51 +0200] "GET / HTTP/1.1" 200 5506
::1 - - [12/Jul/2013:10:34:52 +0200] "GET /swinger/swinger.css HTTP/1.1" 304 -
::1 - - [12/Jul/2013:10:34:52 +0200] "GET /swinger/swinger_message.png HTTP/1.1" 304 -
::1 - - [12/Jul/2013:10:34:52 +0200] "GET /favicon.ico HTTP/1.1" 200 5316
127.0.0.1 - - [12/Jul/2013:10:35:33 +0200] "GET / HTTP/1.1" 200 5518
127.0.0.1 - - [12/Jul/2013:10:35:33 +0200] "GET /swinger/swinger.css HTTP/1.1" 304 -
127.0.0.1 - - [12/Jul/2013:10:35:33 +0200] "GET /swinger/swinger_message.png HTTP/1.1" 304 -
127.0.0.1 - - [12/Jul/2013:10:35:33 +0200] "GET /favicon.ico HTTP/1.1" 200 5328
127.0.0.1 - - [12/Jul/2013:10:35:36 +0200] "GET / HTTP/1.1" 200 5518
127.0.0.1 - - [12/Jul/2013:10:35:36 +0200] "GET /swinger/swinger.css HTTP/1.1" 304 -
127.0.0.1 - - [12/Jul/2013:10:35:36 +0200] "GET /swinger/swinger_message.png HTTP/1.1" 304 -
127.0.0.1 - - [12/Jul/2013:10:35:36 +0200] "GET /favicon.ico HTTP/1.1" 200 5328
127.0.0.1 - - [12/Jul/2013:10:36:52 +0200] "GET / HTTP/1.1" 200 6157
127.0.0.1 - - [12/Jul/2013:10:36:52 +0200] "GET /swinger/swinger.css HTTP/1.1" 304 -
127.0.0.1 - - [12/Jul/2013:10:36:53 +0200] "GET /favicon.ico HTTP/1.1" 200 32
::1 - - [14/Jul/2013:09:30:29 +0200] "GET / HTTP/1.1" 200 6152
::1 - - [14/Jul/2013:09:30:30 +0200] "GET /favicon.ico HTTP/1.1" 200 32
::1 - - [14/Jul/2013:09:30:35 +0200] "GET / HTTP/1.1" 200 6152
::1 - - [14/Jul/2013:09:30:35 +0200] "GET /swinger/swinger.css HTTP/1.1" 304 -
::1 - - [14/Jul/2013:09:30:35 +0200] "GET /favicon.ico HTTP/1.1" 200 32
::1 - - [14/Jul/2013:09:30:38 +0200] "GET / HTTP/1.1" 200 6152
::1 - - [14/Jul/2013:09:30:38 +0200] "GET /swinger/swinger.css HTTP/1.1" 304 -
::1 - - [14/Jul/2013:09:30:38 +0200] "GET /favicon.ico HTTP/1.1" 200 32
::1 - - [14/Jul/2013:09:30:40 +0200] "GET / HTTP/1.1" 200 6152
::1 - - [14/Jul/2013:09:30:40 +0200] "GET /swinger/swinger.css HTTP/1.1" 304 -
::1 - - [14/Jul/2013:09:30:40 +0200] "GET /favicon.ico HTTP/1.1" 200 32
::1 - - [14/Jul/2013:09:31:06 +0200] "GET / HTTP/1.1" 200 6156
::1 - - [14/Jul/2013:09:31:07 +0200] "GET /swinger/swinger.css HTTP/1.1" 304 -
::1 - - [14/Jul/2013:09:31:07 +0200] "GET /favicon.ico HTTP/1.1" 200 32
::1 - - [14/Jul/2013:09:31:09 +0200] "GET / HTTP/1.1" 200 6156
::1 - - [14/Jul/2013:09:31:09 +0200] "GET /swinger/swinger.css HTTP/1.1" 304 -
::1 - - [14/Jul/2013:09:31:09 +0200] "GET /favicon.ico HTTP/1.1" 200 32
::1 - - [14/Jul/2013:09:31:11 +0200] "GET / HTTP/1.1" 200 6156
::1 - - [14/Jul/2013:09:31:11 +0200] "GET /swinger/swinger.css HTTP/1.1" 304 -
::1 - - [14/Jul/2013:09:31:11 +0200] "GET /favicon.ico HTTP/1.1" 200 32
::1 - - [14/Jul/2013:09:31:14 +0200] "GET / HTTP/1.1" 200 6156
::1 - - [14/Jul/2013:09:31:14 +0200] "GET /swinger/swinger.css HTTP/1.1" 304 -
::1 - - [14/Jul/2013:09:31:14 +0200] "GET /favicon.ico HTTP/1.1" 200 32
::1 - - [14/Jul/2013:09:31:16 +0200] "GET / HTTP/1.1" 200 6156
::1 - - [14/Jul/2013:09:31:16 +0200] "GET /swinger/swinger.css HTTP/1.1" 304 -
::1 - - [14/Jul/2013:09:31:16 +0200] "GET /favicon.ico HTTP/1.1" 200 32
::1 - - [14/Jul/2013:09:31:17 +0200] "GET / HTTP/1.1" 200 6157
::1 - - [14/Jul/2013:09:31:17 +0200] "GET /swinger/swinger.css HTTP/1.1" 304 -
::1 - - [14/Jul/2013:09:31:18 +0200] "GET /favicon.ico HTTP/1.1" 200 32
::1 - - [14/Jul/2013:09:31:19 +0200] "GET / HTTP/1.1" 200 6157
::1 - - [14/Jul/2013:09:31:20 +0200] "GET /swinger/swinger.css HTTP/1.1" 304 -
::1 - - [14/Jul/2013:09:31:20 +0200] "GET /favicon.ico HTTP/1.1" 200 32
::1 - - [14/Jul/2013:09:31:22 +0200] "GET / HTTP/1.1" 200 6157
::1 - - [14/Jul/2013:09:31:22 +0200] "GET /swinger/swinger.css HTTP/1.1" 304 -
::1 - - [14/Jul/2013:09:31:22 +0200] "GET /favicon.ico HTTP/1.1" 200 32
::1 - - [14/Jul/2013:09:42:40 +0200] "GET / HTTP/1.1" 200 6157
::1 - - [14/Jul/2013:09:42:40 +0200] "GET /swinger/swinger.css HTTP/1.1" 304 -
::1 - - [14/Jul/2013:09:42:40 +0200] "GET /favicon.ico HTTP/1.1" 200 32
::1 - - [14/Jul/2013:09:42:44 +0200] "GET / HTTP/1.1" 200 6157
::1 - - [14/Jul/2013:09:42:44 +0200] "GET /swinger/swinger.css HTTP/1.1" 304 -
::1 - - [14/Jul/2013:09:42:44 +0200] "GET /favicon.ico HTTP/1.1" 200 32
::1 - - [14/Jul/2013:09:45:28 +0200] "GET / HTTP/1.1" 200 6157
::1 - - [14/Jul/2013:09:45:28 +0200] "GET /swinger/swinger.css HTTP/1.1" 304 -
::1 - - [14/Jul/2013:09:45:28 +0200] "GET /favicon.ico HTTP/1.1" 200 32
::1 - - [14/Jul/2013:09:45:30 +0200] "GET / HTTP/1.1" 200 6157
::1 - - [14/Jul/2013:09:45:31 +0200] "GET /favicon.ico HTTP/1.1" 200 32
::1 - - [14/Jul/2013:09:46:14 +0200] "GET / HTTP/1.1" 200 6157
::1 - - [14/Jul/2013:09:46:14 +0200] "GET /swinger/swinger.css HTTP/1.1" 304 -
::1 - - [14/Jul/2013:09:46:14 +0200] "GET /favicon.ico HTTP/1.1" 200 32
::1 - - [14/Jul/2013:09:46:48 +0200] "GET / HTTP/1.1" 200 6157
::1 - - [14/Jul/2013:09:46:48 +0200] "GET /swinger/swinger.css HTTP/1.1" 304 -
::1 - - [14/Jul/2013:09:46:48 +0200] "GET /favicon.ico HTTP/1.1" 200 32
::1 - - [14/Jul/2013:09:46:51 +0200] "GET / HTTP/1.1" 200 6157
::1 - - [14/Jul/2013:09:46:51 +0200] "GET /swinger/swinger.css HTTP/1.1" 304 -
::1 - - [14/Jul/2013:09:46:51 +0200] "GET /favicon.ico HTTP/1.1" 200 32
::1 - - [14/Jul/2013:09:49:26 +0200] "GET / HTTP/1.1" 200 177
::1 - - [14/Jul/2013:09:49:26 +0200] "GET /favicon.ico HTTP/1.1" 200 177
::1 - - [14/Jul/2013:09:52:33 +0200] "GET / HTTP/1.1" 200 6157
::1 - - [14/Jul/2013:09:52:33 +0200] "GET /swinger/swinger.css HTTP/1.1" 304 -
::1 - - [14/Jul/2013:09:52:34 +0200] "GET /favicon.ico HTTP/1.1" 200 32
::1 - - [14/Jul/2013:09:56:10 +0200] "GET / HTTP/1.1" 200 182
::1 - - [14/Jul/2013:09:56:10 +0200] "GET /favicon.ico HTTP/1.1" 200 182
::1 - - [14/Jul/2013:09:56:28 +0200] "GET / HTTP/1.1" 200 6157
::1 - - [14/Jul/2013:09:56:28 +0200] "GET /swinger/swinger.css HTTP/1.1" 304 -
::1 - - [14/Jul/2013:09:56:28 +0200] "GET /favicon.ico HTTP/1.1" 200 32
::1 - - [14/Jul/2013:09:57:22 +0200] "GET / HTTP/1.1" 200 6157
::1 - - [14/Jul/2013:09:57:22 +0200] "GET /swinger/swinger.css HTTP/1.1" 304 -
::1 - - [14/Jul/2013:09:57:23 +0200] "GET /favicon.ico HTTP/1.1" 200 32
::1 - - [14/Jul/2013:09:58:40 +0200] "GET / HTTP/1.1" 200 6157
::1 - - [14/Jul/2013:09:58:40 +0200] "GET /swinger/swinger.css HTTP/1.1" 304 -
::1 - - [14/Jul/2013:09:58:40 +0200] "GET /favicon.ico HTTP/1.1" 200 32
::1 - - [14/Jul/2013:10:04:23 +0200] "GET / HTTP/1.1" 200 6157
::1 - - [14/Jul/2013:10:04:23 +0200] "GET /swinger/swinger.css HTTP/1.1" 304 -
::1 - - [14/Jul/2013:10:04:23 +0200] "GET /favicon.ico HTTP/1.1" 200 32
::1 - - [14/Jul/2013:10:11:57 +0200] "GET / HTTP/1.1" 200 6157
::1 - - [14/Jul/2013:10:11:57 +0200] "GET /swinger/swinger.css HTTP/1.1" 304 -
::1 - - [14/Jul/2013:10:11:58 +0200] "GET /favicon.ico HTTP/1.1" 200 32
::1 - - [14/Jul/2013:10:15:03 +0200] "GET / HTTP/1.1" 200 6157
::1 - - [14/Jul/2013:10:15:03 +0200] "GET /swinger/swinger.css HTTP/1.1" 304 -
::1 - - [14/Jul/2013:10:15:03 +0200] "GET /favicon.ico HTTP/1.1" 200 32
::1 - - [14/Jul/2013:10:24:52 +0200] "GET / HTTP/1.1" 200 6157
::1 - - [14/Jul/2013:10:24:53 +0200] "GET /swinger/swinger.css HTTP/1.1" 304 -
::1 - - [14/Jul/2013:10:24:53 +0200] "GET /favicon.ico HTTP/1.1" 200 32
::1 - - [14/Jul/2013:10:26:44 +0200] "GET / HTTP/1.1" 200 6157
::1 - - [14/Jul/2013:10:26:44 +0200] "GET /swinger/swinger.css HTTP/1.1" 304 -
::1 - - [14/Jul/2013:10:26:45 +0200] "GET /favicon.ico HTTP/1.1" 200 32
::1 - - [14/Jul/2013:10:29:48 +0200] "GET / HTTP/1.1" 200 6157
::1 - - [14/Jul/2013:10:29:48 +0200] "GET /swinger/swinger.css HTTP/1.1" 304 -
::1 - - [14/Jul/2013:10:29:48 +0200] "GET /favicon.ico HTTP/1.1" 200 32
::1 - - [14/Jul/2013:10:33:41 +0200] "GET / HTTP/1.1" 200 6157
::1 - - [14/Jul/2013:10:33:42 +0200] "GET /swinger/swinger.css HTTP/1.1" 304 -
::1 - - [14/Jul/2013:10:33:42 +0200] "GET /favicon.ico HTTP/1.1" 200 32
::1 - - [14/Jul/2013:10:35:38 +0200] "GET / HTTP/1.1" 200 6157
::1 - - [14/Jul/2013:10:35:38 +0200] "GET /swinger/swinger.css HTTP/1.1" 304 -
::1 - - [14/Jul/2013:10:35:39 +0200] "GET /favicon.ico HTTP/1.1" 200 32
::1 - - [14/Jul/2013:10:54:07 +0200] "GET / HTTP/1.1" 200 6157
::1 - - [14/Jul/2013:10:54:07 +0200] "GET /swinger/swinger.css HTTP/1.1" 304 -
::1 - - [14/Jul/2013:10:54:07 +0200] "GET /favicon.ico HTTP/1.1" 200 32
::1 - - [14/Jul/2013:10:58:45 +0200] "GET / HTTP/1.1" 200 6157
::1 - - [14/Jul/2013:10:58:45 +0200] "GET /swinger/swinger.css HTTP/1.1" 304 -
::1 - - [14/Jul/2013:10:58:45 +0200] "GET /favicon.ico HTTP/1.1" 200 32
::1 - - [14/Jul/2013:10:59:46 +0200] "GET / HTTP/1.1" 200 6157
::1 - - [14/Jul/2013:10:59:46 +0200] "GET /swinger/swinger.css HTTP/1.1" 304 -
::1 - - [14/Jul/2013:10:59:46 +0200] "GET /favicon.ico HTTP/1.1" 200 32
::1 - - [14/Jul/2013:11:00:06 +0200] "GET / HTTP/1.1" 200 179
::1 - - [14/Jul/2013:11:00:06 +0200] "GET /favicon.ico HTTP/1.1" 200 179
::1 - - [14/Jul/2013:11:00:43 +0200] "GET / HTTP/1.1" 200 6157
::1 - - [14/Jul/2013:11:00:44 +0200] "GET /swinger/swinger.css HTTP/1.1" 304 -
::1 - - [14/Jul/2013:11:00:44 +0200] "GET /favicon.ico HTTP/1.1" 200 32
::1 - - [14/Jul/2013:11:03:16 +0200] "GET / HTTP/1.1" 200 6157
::1 - - [14/Jul/2013:11:03:16 +0200] "GET /swinger/swinger.css HTTP/1.1" 304 -
::1 - - [14/Jul/2013:11:03:17 +0200] "GET /favicon.ico HTTP/1.1" 200 32
::1 - - [14/Jul/2013:11:03:32 +0200] "GET / HTTP/1.1" 200 6157
::1 - - [14/Jul/2013:11:03:32 +0200] "GET /swinger/swinger.css HTTP/1.1" 304 -
::1 - - [14/Jul/2013:11:03:32 +0200] "GET /favicon.ico HTTP/1.1" 200 32
::1 - - [14/Jul/2013:11:05:07 +0200] "GET / HTTP/1.1" 200 6157
::1 - - [14/Jul/2013:11:05:07 +0200] "GET /swinger/swinger.css HTTP/1.1" 304 -
::1 - - [14/Jul/2013:11:05:08 +0200] "GET /favicon.ico HTTP/1.1" 200 32
::1 - - [14/Jul/2013:11:07:46 +0200] "GET / HTTP/1.1" 200 6157
::1 - - [14/Jul/2013:11:07:46 +0200] "GET /swinger/swinger.css HTTP/1.1" 304 -
::1 - - [14/Jul/2013:11:07:46 +0200] "GET /favicon.ico HTTP/1.1" 200 32
::1 - - [14/Jul/2013:11:07:56 +0200] "GET / HTTP/1.1" 200 6157
::1 - - [14/Jul/2013:11:07:56 +0200] "GET /swinger/swinger.css HTTP/1.1" 304 -
::1 - - [14/Jul/2013:11:07:57 +0200] "GET /favicon.ico HTTP/1.1" 200 32
::1 - - [14/Jul/2013:11:08:17 +0200] "GET / HTTP/1.1" 200 6157
::1 - - [14/Jul/2013:11:08:17 +0200] "GET /swinger/swinger.css HTTP/1.1" 304 -
::1 - - [14/Jul/2013:11:08:17 +0200] "GET /favicon.ico HTTP/1.1" 200 32
::1 - - [14/Jul/2013:11:08:47 +0200] "GET / HTTP/1.1" 200 6157
::1 - - [14/Jul/2013:11:08:48 +0200] "GET /swinger/swinger.css HTTP/1.1" 304 -
::1 - - [14/Jul/2013:11:08:48 +0200] "GET /favicon.ico HTTP/1.1" 200 32
::1 - - [14/Jul/2013:11:09:05 +0200] "GET / HTTP/1.1" 200 6157
::1 - - [14/Jul/2013:11:09:05 +0200] "GET /swinger/swinger.css HTTP/1.1" 304 -
::1 - - [14/Jul/2013:11:09:05 +0200] "GET /favicon.ico HTTP/1.1" 200 32
::1 - - [14/Jul/2013:11:09:09 +0200] "GET / HTTP/1.1" 200 6157
::1 - - [14/Jul/2013:11:09:09 +0200] "GET /swinger/swinger.css HTTP/1.1" 304 -
::1 - - [14/Jul/2013:11:09:09 +0200] "GET /favicon.ico HTTP/1.1" 200 32
::1 - - [14/Jul/2013:11:09:11 +0200] "GET / HTTP/1.1" 200 6157
::1 - - [14/Jul/2013:11:09:11 +0200] "GET /swinger/swinger.css HTTP/1.1" 304 -
::1 - - [14/Jul/2013:11:09:11 +0200] "GET /favicon.ico HTTP/1.1" 200 32
::1 - - [14/Jul/2013:11:09:13 +0200] "GET / HTTP/1.1" 200 6157
::1 - - [14/Jul/2013:11:09:13 +0200] "GET /swinger/swinger.css HTTP/1.1" 304 -
::1 - - [14/Jul/2013:11:09:13 +0200] "GET /favicon.ico HTTP/1.1" 200 32
::1 - - [14/Jul/2013:11:09:24 +0200] "GET / HTTP/1.1" 200 6157
::1 - - [14/Jul/2013:11:09:24 +0200] "GET /swinger/swinger.css HTTP/1.1" 304 -
::1 - - [14/Jul/2013:11:09:24 +0200] "GET /favicon.ico HTTP/1.1" 200 32
::1 - - [14/Jul/2013:11:10:21 +0200] "GET / HTTP/1.1" 200 6157
::1 - - [14/Jul/2013:11:10:21 +0200] "GET /swinger/swinger.css HTTP/1.1" 304 -
::1 - - [14/Jul/2013:11:10:21 +0200] "GET /favicon.ico HTTP/1.1" 200 32
::1 - - [14/Jul/2013:11:11:14 +0200] "GET / HTTP/1.1" 200 6157
::1 - - [14/Jul/2013:11:11:14 +0200] "GET /swinger/swinger.css HTTP/1.1" 304 -
::1 - - [14/Jul/2013:11:11:14 +0200] "GET /favicon.ico HTTP/1.1" 200 32
::1 - - [14/Jul/2013:11:12:13 +0200] "GET / HTTP/1.1" 200 6157
::1 - - [14/Jul/2013:11:12:13 +0200] "GET /swinger/swinger.css HTTP/1.1" 304 -
::1 - - [14/Jul/2013:11:12:13 +0200] "GET /favicon.ico HTTP/1.1" 200 32
::1 - - [14/Jul/2013:11:12:22 +0200] "GET / HTTP/1.1" 200 6157
::1 - - [14/Jul/2013:11:12:22 +0200] "GET /swinger/swinger.css HTTP/1.1" 304 -
::1 - - [14/Jul/2013:11:12:22 +0200] "GET /favicon.ico HTTP/1.1" 200 32
::1 - - [14/Jul/2013:11:12:45 +0200] "GET / HTTP/1.1" 200 6157
::1 - - [14/Jul/2013:11:12:45 +0200] "GET /swinger/swinger.css HTTP/1.1" 304 -
::1 - - [14/Jul/2013:11:12:45 +0200] "GET /favicon.ico HTTP/1.1" 200 32
::1 - - [14/Jul/2013:11:14:23 +0200] "GET / HTTP/1.1" 200 6157
::1 - - [14/Jul/2013:11:14:23 +0200] "GET /swinger/swinger.css HTTP/1.1" 304 -
::1 - - [14/Jul/2013:11:14:23 +0200] "GET /favicon.ico HTTP/1.1" 200 32
::1 - - [14/Jul/2013:11:14:28 +0200] "GET / HTTP/1.1" 200 6158
::1 - - [14/Jul/2013:11:14:28 +0200] "GET /swinger/swinger.css HTTP/1.1" 304 -
::1 - - [14/Jul/2013:11:14:28 +0200] "GET /favicon.ico HTTP/1.1" 200 32
::1 - - [14/Jul/2013:11:17:59 +0200] "GET / HTTP/1.1" 200 6158
::1 - - [14/Jul/2013:11:17:59 +0200] "GET /swinger/swinger.css HTTP/1.1" 304 -
::1 - - [14/Jul/2013:11:18:00 +0200] "GET /favicon.ico HTTP/1.1" 200 32
::1 - - [14/Jul/2013:11:18:02 +0200] "GET / HTTP/1.1" 200 6158
::1 - - [14/Jul/2013:11:18:02 +0200] "GET /swinger/swinger.css HTTP/1.1" 304 -
::1 - - [14/Jul/2013:11:18:02 +0200] "GET /favicon.ico HTTP/1.1" 200 32
::1 - - [14/Jul/2013:11:18:05 +0200] "GET / HTTP/1.1" 200 6158
::1 - - [14/Jul/2013:11:18:05 +0200] "GET /swinger/swinger.css HTTP/1.1" 304 -
::1 - - [14/Jul/2013:11:18:05 +0200] "GET /favicon.ico HTTP/1.1" 200 32
::1 - - [14/Jul/2013:11:18:19 +0200] "GET / HTTP/1.1" 200 6158
::1 - - [14/Jul/2013:11:18:19 +0200] "GET /swinger/swinger.css HTTP/1.1" 304 -
::1 - - [14/Jul/2013:11:18:20 +0200] "GET /favicon.ico HTTP/1.1" 200 32
::1 - - [14/Jul/2013:11:18:22 +0200] "GET / HTTP/1.1" 200 6158
::1 - - [14/Jul/2013:11:18:22 +0200] "GET /swinger/swinger.css HTTP/1.1" 304 -
::1 - - [14/Jul/2013:11:18:22 +0200] "GET /favicon.ico HTTP/1.1" 200 32
::1 - - [14/Jul/2013:11:18:26 +0200] "GET / HTTP/1.1" 200 6158
::1 - - [14/Jul/2013:11:18:26 +0200] "GET /swinger/swinger.css HTTP/1.1" 304 -
::1 - - [14/Jul/2013:11:18:27 +0200] "GET /favicon.ico HTTP/1.1" 200 32
::1 - - [14/Jul/2013:11:18:28 +0200] "GET / HTTP/1.1" 200 6158
::1 - - [14/Jul/2013:11:18:28 +0200] "GET /swinger/swinger.css HTTP/1.1" 304 -
::1 - - [14/Jul/2013:11:18:29 +0200] "GET /favicon.ico HTTP/1.1" 200 32
::1 - - [14/Jul/2013:11:21:34 +0200] "GET / HTTP/1.1" 200 6158
::1 - - [14/Jul/2013:11:21:34 +0200] "GET /swinger/swinger.css HTTP/1.1" 304 -
::1 - - [14/Jul/2013:11:21:35 +0200] "GET /favicon.ico HTTP/1.1" 200 32
::1 - - [14/Jul/2013:11:22:46 +0200] "GET / HTTP/1.1" 200 6158
::1 - - [14/Jul/2013:11:22:46 +0200] "GET /swinger/swinger.css HTTP/1.1" 304 -
::1 - - [14/Jul/2013:11:22:46 +0200] "GET /favicon.ico HTTP/1.1" 200 32
::1 - - [14/Jul/2013:11:23:49 +0200] "GET / HTTP/1.1" 200 6158
::1 - - [14/Jul/2013:11:23:49 +0200] "GET /swinger/swinger.css HTTP/1.1" 304 -
::1 - - [14/Jul/2013:11:23:49 +0200] "GET /favicon.ico HTTP/1.1" 200 32
::1 - - [14/Jul/2013:11:24:03 +0200] "GET / HTTP/1.1" 200 6158
::1 - - [14/Jul/2013:11:24:03 +0200] "GET /swinger/swinger.css HTTP/1.1" 304 -
::1 - - [14/Jul/2013:11:24:04 +0200] "GET /favicon.ico HTTP/1.1" 200 32
::1 - - [14/Jul/2013:11:24:09 +0200] "GET / HTTP/1.1" 200 6158
::1 - - [14/Jul/2013:11:24:09 +0200] "GET /swinger/swinger.css HTTP/1.1" 304 -
::1 - - [14/Jul/2013:11:24:09 +0200] "GET /favicon.ico HTTP/1.1" 200 32
::1 - - [14/Jul/2013:11:24:13 +0200] "GET / HTTP/1.1" 200 6158
::1 - - [14/Jul/2013:11:24:13 +0200] "GET /swinger/swinger.css HTTP/1.1" 304 -
::1 - - [14/Jul/2013:11:24:14 +0200] "GET /favicon.ico HTTP/1.1" 200 32
::1 - - [14/Jul/2013:11:24:19 +0200] "GET / HTTP/1.1" 200 6158
::1 - - [14/Jul/2013:11:24:19 +0200] "GET /swinger/swinger.css HTTP/1.1" 304 -
::1 - - [14/Jul/2013:11:24:19 +0200] "GET /favicon.ico HTTP/1.1" 200 32
::1 - - [14/Jul/2013:11:24:26 +0200] "GET / HTTP/1.1" 200 6158
::1 - - [14/Jul/2013:11:24:26 +0200] "GET /swinger/swinger.css HTTP/1.1" 304 -
::1 - - [14/Jul/2013:11:24:26 +0200] "GET /favicon.ico HTTP/1.1" 200 32
::1 - - [14/Jul/2013:11:24:32 +0200] "GET / HTTP/1.1" 200 6158
::1 - - [14/Jul/2013:11:24:33 +0200] "GET /swinger/swinger.css HTTP/1.1" 304 -
::1 - - [14/Jul/2013:11:24:33 +0200] "GET /favicon.ico HTTP/1.1" 200 32
::1 - - [14/Jul/2013:11:24:43 +0200] "GET / HTTP/1.1" 200 6158
::1 - - [14/Jul/2013:11:24:43 +0200] "GET /swinger/swinger.css HTTP/1.1" 304 -
::1 - - [14/Jul/2013:11:24:43 +0200] "GET /favicon.ico HTTP/1.1" 200 32
::1 - - [14/Jul/2013:11:24:44 +0200] "GET / HTTP/1.1" 200 6158
::1 - - [14/Jul/2013:11:24:44 +0200] "GET /swinger/swinger.css HTTP/1.1" 304 -
::1 - - [14/Jul/2013:11:24:45 +0200] "GET /favicon.ico HTTP/1.1" 200 32
::1 - - [14/Jul/2013:11:24:46 +0200] "GET / HTTP/1.1" 200 6158
::1 - - [14/Jul/2013:11:24:46 +0200] "GET /swinger/swinger.css HTTP/1.1" 304 -
::1 - - [14/Jul/2013:11:24:46 +0200] "GET /favicon.ico HTTP/1.1" 200 32
::1 - - [14/Jul/2013:11:24:59 +0200] "GET / HTTP/1.1" 200 6158
::1 - - [14/Jul/2013:11:24:59 +0200] "GET /swinger/swinger.css HTTP/1.1" 304 -
::1 - - [14/Jul/2013:11:24:59 +0200] "GET /favicon.ico HTTP/1.1" 200 32
::1 - - [14/Jul/2013:11:27:08 +0200] "GET / HTTP/1.1" 200 6158
::1 - - [14/Jul/2013:11:27:08 +0200] "GET /swinger/swinger.css HTTP/1.1" 304 -
::1 - - [14/Jul/2013:11:27:09 +0200] "GET /favicon.ico HTTP/1.1" 200 32
::1 - - [14/Jul/2013:11:28:17 +0200] "GET / HTTP/1.1" 200 6158
::1 - - [14/Jul/2013:11:28:17 +0200] "GET /swinger/swinger.css HTTP/1.1" 304 -
::1 - - [14/Jul/2013:11:28:18 +0200] "GET /favicon.ico HTTP/1.1" 200 32
::1 - - [14/Jul/2013:11:28:36 +0200] "GET / HTTP/1.1" 200 6158
::1 - - [14/Jul/2013:11:28:36 +0200] "GET /swinger/swinger.css HTTP/1.1" 304 -
::1 - - [14/Jul/2013:11:28:36 +0200] "GET /favicon.ico HTTP/1.1" 200 32
::1 - - [14/Jul/2013:11:30:23 +0200] "GET / HTTP/1.1" 200 6158
::1 - - [14/Jul/2013:11:30:23 +0200] "GET /swinger/swinger.css HTTP/1.1" 304 -
::1 - - [14/Jul/2013:11:30:23 +0200] "GET /favicon.ico HTTP/1.1" 200 32
::1 - - [14/Jul/2013:11:31:36 +0200] "GET / HTTP/1.1" 200 6158
::1 - - [14/Jul/2013:11:31:36 +0200] "GET /swinger/swinger.css HTTP/1.1" 304 -
::1 - - [14/Jul/2013:11:31:36 +0200] "GET /favicon.ico HTTP/1.1" 200 32
::1 - - [14/Jul/2013:11:32:33 +0200] "GET / HTTP/1.1" 200 6158
::1 - - [14/Jul/2013:11:32:33 +0200] "GET /swinger/swinger.css HTTP/1.1" 304 -
::1 - - [14/Jul/2013:11:32:34 +0200] "GET /favicon.ico HTTP/1.1" 200 32
::1 - - [14/Jul/2013:11:38:34 +0200] "GET / HTTP/1.1" 200 6158
::1 - - [14/Jul/2013:11:38:34 +0200] "GET /swinger/swinger.css HTTP/1.1" 304 -
::1 - - [14/Jul/2013:11:38:34 +0200] "GET /favicon.ico HTTP/1.1" 200 32
::1 - - [14/Jul/2013:11:41:31 +0200] "GET / HTTP/1.1" 200 6158
::1 - - [14/Jul/2013:11:41:31 +0200] "GET /swinger/swinger.css HTTP/1.1" 304 -
::1 - - [14/Jul/2013:11:41:31 +0200] "GET /favicon.ico HTTP/1.1" 200 32
::1 - - [14/Jul/2013:12:01:34 +0200] "GET / HTTP/1.1" 200 6174
::1 - - [14/Jul/2013:12:01:35 +0200] "GET /swinger/swinger.css HTTP/1.1" 304 -
::1 - - [14/Jul/2013:12:01:35 +0200] "GET /favicon.ico HTTP/1.1" 200 32
::1 - - [14/Jul/2013:12:01:40 +0200] "GET / HTTP/1.1" 200 6174
::1 - - [14/Jul/2013:12:01:41 +0200] "GET /swinger/swinger.css HTTP/1.1" 304 -
::1 - - [14/Jul/2013:12:01:41 +0200] "GET /favicon.ico HTTP/1.1" 200 32
::1 - - [14/Jul/2013:12:01:43 +0200] "GET / HTTP/1.1" 200 6174
::1 - - [14/Jul/2013:12:01:43 +0200] "GET /swinger/swinger.css HTTP/1.1" 304 -
::1 - - [14/Jul/2013:12:01:43 +0200] "GET /favicon.ico HTTP/1.1" 200 32
::1 - - [14/Jul/2013:12:01:44 +0200] "GET / HTTP/1.1" 200 6174
::1 - - [14/Jul/2013:12:01:44 +0200] "GET /swinger/swinger.css HTTP/1.1" 304 -
::1 - - [14/Jul/2013:12:01:45 +0200] "GET /favicon.ico HTTP/1.1" 200 32
::1 - - [14/Jul/2013:12:01:46 +0200] "GET / HTTP/1.1" 200 6174
::1 - - [14/Jul/2013:12:01:46 +0200] "GET /swinger/swinger.css HTTP/1.1" 304 -
::1 - - [14/Jul/2013:12:01:46 +0200] "GET /favicon.ico HTTP/1.1" 200 32
::1 - - [14/Jul/2013:12:01:52 +0200] "GET / HTTP/1.1" 200 6174
::1 - - [14/Jul/2013:12:01:52 +0200] "GET /swinger/swinger.css HTTP/1.1" 304 -
::1 - - [14/Jul/2013:12:01:53 +0200] "GET /favicon.ico HTTP/1.1" 200 32
::1 - - [14/Jul/2013:12:03:22 +0200] "GET / HTTP/1.1" 200 6174
::1 - - [14/Jul/2013:12:03:22 +0200] "GET /swinger/swinger.css HTTP/1.1" 304 -
::1 - - [14/Jul/2013:12:03:22 +0200] "GET /favicon.ico HTTP/1.1" 200 32
::1 - - [14/Jul/2013:12:03:34 +0200] "GET / HTTP/1.1" 200 6174
::1 - - [14/Jul/2013:12:03:34 +0200] "GET /swinger/swinger.css HTTP/1.1" 304 -
::1 - - [14/Jul/2013:12:03:34 +0200] "GET /favicon.ico HTTP/1.1" 200 32
::1 - - [14/Jul/2013:12:08:22 +0200] "GET / HTTP/1.1" 200 6174
::1 - - [14/Jul/2013:12:08:22 +0200] "GET /swinger/swinger.css HTTP/1.1" 304 -
::1 - - [14/Jul/2013:12:08:22 +0200] "GET /favicon.ico HTTP/1.1" 200 32
::1 - - [14/Jul/2013:12:08:25 +0200] "GET / HTTP/1.1" 200 6174
::1 - - [14/Jul/2013:12:08:25 +0200] "GET /swinger/swinger.css HTTP/1.1" 304 -
::1 - - [14/Jul/2013:12:08:25 +0200] "GET /favicon.ico HTTP/1.1" 200 32
::1 - - [14/Jul/2013:12:09:06 +0200] "GET / HTTP/1.1" 200 6173
::1 - - [14/Jul/2013:12:09:06 +0200] "GET /swinger/swinger.css HTTP/1.1" 304 -
::1 - - [14/Jul/2013:12:09:06 +0200] "GET /favicon.ico HTTP/1.1" 200 32
::1 - - [14/Jul/2013:12:09:34 +0200] "GET / HTTP/1.1" 200 6173
::1 - - [14/Jul/2013:12:09:34 +0200] "GET /swinger/swinger.css HTTP/1.1" 304 -
::1 - - [14/Jul/2013:12:09:34 +0200] "GET /favicon.ico HTTP/1.1" 200 -
::1 - - [14/Jul/2013:12:09:35 +0200] "GET / HTTP/1.1" 200 6173
::1 - - [14/Jul/2013:12:09:35 +0200] "GET /swinger/swinger.css HTTP/1.1" 304 -
::1 - - [14/Jul/2013:12:09:35 +0200] "GET /favicon.ico HTTP/1.1" 304 -
::1 - - [14/Jul/2013:12:09:37 +0200] "GET / HTTP/1.1" 200 6173
::1 - - [14/Jul/2013:12:09:37 +0200] "GET /swinger/swinger.css HTTP/1.1" 304 -
::1 - - [14/Jul/2013:12:09:37 +0200] "GET /favicon.ico HTTP/1.1" 304 -
::1 - - [14/Jul/2013:12:09:38 +0200] "GET / HTTP/1.1" 200 6173
::1 - - [14/Jul/2013:12:09:38 +0200] "GET /swinger/swinger.css HTTP/1.1" 304 -
::1 - - [14/Jul/2013:12:09:39 +0200] "GET /favicon.ico HTTP/1.1" 304 -
::1 - - [14/Jul/2013:12:09:41 +0200] "GET / HTTP/1.1" 200 6173
::1 - - [14/Jul/2013:12:09:41 +0200] "GET /swinger/swinger.css HTTP/1.1" 304 -
::1 - - [14/Jul/2013:12:09:41 +0200] "GET /favicon.ico HTTP/1.1" 304 -
::1 - - [14/Jul/2013:12:09:43 +0200] "GET / HTTP/1.1" 200 6173
::1 - - [14/Jul/2013:12:09:43 +0200] "GET /swinger/swinger.css HTTP/1.1" 304 -
::1 - - [14/Jul/2013:12:09:44 +0200] "GET /favicon.ico HTTP/1.1" 304 -
::1 - - [14/Jul/2013:12:16:29 +0200] "GET / HTTP/1.1" 403 202
::1 - - [14/Jul/2013:12:16:29 +0200] "GET /favicon.ico HTTP/1.1" 304 -
::1 - - [14/Jul/2013:12:18:41 +0200] "GET / HTTP/1.1" 200 6173
::1 - - [14/Jul/2013:12:18:41 +0200] "GET /favicon.ico HTTP/1.1" 200 32
::1 - - [14/Jul/2013:12:18:48 +0200] "GET / HTTP/1.1" 200 6173
::1 - - [14/Jul/2013:12:18:48 +0200] "GET /swinger/swinger.css HTTP/1.1" 200 32
::1 - - [14/Jul/2013:12:18:49 +0200] "GET /favicon.ico HTTP/1.1" 200 32
::1 - - [14/Jul/2013:12:18:52 +0200] "GET / HTTP/1.1" 200 6173
::1 - - [14/Jul/2013:12:18:52 +0200] "GET /swinger/swinger.css HTTP/1.1" 200 32
::1 - - [14/Jul/2013:12:18:52 +0200] "GET /favicon.ico HTTP/1.1" 200 32
::1 - - [14/Jul/2013:12:18:55 +0200] "GET / HTTP/1.1" 200 6173
::1 - - [14/Jul/2013:12:18:55 +0200] "GET /swinger/swinger.css HTTP/1.1" 200 32
::1 - - [14/Jul/2013:12:18:56 +0200] "GET /favicon.ico HTTP/1.1" 200 32
::1 - - [14/Jul/2013:12:18:58 +0200] "GET / HTTP/1.1" 200 6173
::1 - - [14/Jul/2013:12:18:58 +0200] "GET /swinger/swinger.css HTTP/1.1" 200 32
::1 - - [14/Jul/2013:12:18:58 +0200] "GET /favicon.ico HTTP/1.1" 200 32
::1 - - [14/Jul/2013:12:24:08 +0200] "GET / HTTP/1.1" 200 6173
::1 - - [14/Jul/2013:12:24:08 +0200] "GET /swinger/swinger.css HTTP/1.1" 200 32
::1 - - [14/Jul/2013:12:24:08 +0200] "GET /favicon.ico HTTP/1.1" 200 32
::1 - - [14/Jul/2013:12:24:11 +0200] "GET / HTTP/1.1" 200 6173
::1 - - [14/Jul/2013:12:24:12 +0200] "GET /swinger/swinger.css HTTP/1.1" 200 32
::1 - - [14/Jul/2013:12:24:12 +0200] "GET /favicon.ico HTTP/1.1" 200 32
::1 - - [14/Jul/2013:12:25:07 +0200] "GET / HTTP/1.1" 200 6173
::1 - - [14/Jul/2013:12:25:07 +0200] "GET /swinger/swinger.css HTTP/1.1" 200 32
::1 - - [14/Jul/2013:12:25:08 +0200] "GET /favicon.ico HTTP/1.1" 200 32
::1 - - [14/Jul/2013:12:25:36 +0200] "GET / HTTP/1.1" 200 6173
::1 - - [14/Jul/2013:12:25:36 +0200] "GET /swinger/swinger.css HTTP/1.1" 200 32
::1 - - [14/Jul/2013:12:25:36 +0200] "GET /favicon.ico HTTP/1.1" 200 32
::1 - - [14/Jul/2013:12:38:10 +0200] "GET / HTTP/1.1" 200 6173
::1 - - [14/Jul/2013:12:38:11 +0200] "GET /swinger/swinger.css HTTP/1.1" 200 523
::1 - - [14/Jul/2013:12:38:11 +0200] "GET /favicon.ico HTTP/1.1" 200 -
::1 - - [14/Jul/2013:12:38:17 +0200] "GET / HTTP/1.1" 200 6173
::1 - - [14/Jul/2013:12:38:17 +0200] "GET /swinger/swinger.css HTTP/1.1" 304 -
::1 - - [14/Jul/2013:12:38:20 +0200] "GET / HTTP/1.1" 200 6173
::1 - - [14/Jul/2013:12:38:20 +0200] "GET /swinger/swinger.css HTTP/1.1" 304 -
::1 - - [14/Jul/2013:12:42:23 +0200] "GET / HTTP/1.1" 200 6173
::1 - - [14/Jul/2013:12:42:24 +0200] "GET /swinger/swinger.css HTTP/1.1" 304 -
::1 - - [14/Jul/2013:12:42:24 +0200] "GET /favicon.ico HTTP/1.1" 304 -
::1 - - [14/Jul/2013:12:42:26 +0200] "GET / HTTP/1.1" 200 6173
::1 - - [14/Jul/2013:12:42:26 +0200] "GET /swinger/swinger.css HTTP/1.1" 304 -
::1 - - [14/Jul/2013:12:42:29 +0200] "GET / HTTP/1.1" 200 6173
::1 - - [14/Jul/2013:12:42:29 +0200] "GET /swinger/swinger.css HTTP/1.1" 304 -
::1 - - [14/Jul/2013:12:42:32 +0200] "GET / HTTP/1.1" 200 6173
::1 - - [14/Jul/2013:12:42:32 +0200] "GET /swinger/swinger.css HTTP/1.1" 304 -
::1 - - [14/Jul/2013:12:46:21 +0200] "GET / HTTP/1.1" 200 6173
::1 - - [14/Jul/2013:12:46:21 +0200] "GET /swinger/swinger.css HTTP/1.1" 304 -
::1 - - [14/Jul/2013:12:46:22 +0200] "GET /favicon.ico HTTP/1.1" 304 -
::1 - - [14/Jul/2013:12:46:24 +0200] "GET / HTTP/1.1" 200 6173
::1 - - [14/Jul/2013:12:46:24 +0200] "GET /swinger/swinger.css HTTP/1.1" 304 -
::1 - - [14/Jul/2013:13:07:13 +0200] "GET / HTTP/1.1" 200 6173
::1 - - [14/Jul/2013:13:07:14 +0200] "GET /swinger/swinger.css HTTP/1.1" 304 -
::1 - - [14/Jul/2013:13:07:14 +0200] "GET /favicon.ico HTTP/1.1" 304 -
::1 - - [14/Jul/2013:13:07:25 +0200] "GET / HTTP/1.1" 200 6173
::1 - - [14/Jul/2013:13:07:25 +0200] "GET /swinger/swinger.css HTTP/1.1" 304 -
::1 - - [14/Jul/2013:13:07:27 +0200] "GET / HTTP/1.1" 200 6173
::1 - - [14/Jul/2013:13:07:27 +0200] "GET /swinger/swinger.css HTTP/1.1" 304 -
::1 - - [14/Jul/2013:13:07:29 +0200] "GET / HTTP/1.1" 200 6173
::1 - - [14/Jul/2013:13:07:29 +0200] "GET /swinger/swinger.css HTTP/1.1" 304 -
::1 - - [14/Jul/2013:13:08:55 +0200] "GET / HTTP/1.1" 200 6171
::1 - - [14/Jul/2013:13:09:15 +0200] "GET / HTTP/1.1" 200 6171
::1 - - [14/Jul/2013:13:10:16 +0200] "GET /swinger/swinger.css HTTP/1.1" 304 -
::1 - - [14/Jul/2013:13:10:20 +0200] "GET / HTTP/1.1" 200 6171
::1 - - [14/Jul/2013:13:11:21 +0200] "GET /swinger/swinger.css HTTP/1.1" 304 -
::1 - - [14/Jul/2013:13:12:12 +0200] "GET / HTTP/1.1" 200 6171
::1 - - [14/Jul/2013:13:12:12 +0200] "GET /swinger/swinger.css HTTP/1.1" 304 -
::1 - - [14/Jul/2013:13:12:14 +0200] "GET / HTTP/1.1" 200 6171
::1 - - [14/Jul/2013:13:12:14 +0200] "GET /swinger/swinger.css HTTP/1.1" 304 -
::1 - - [14/Jul/2013:13:12:18 +0200] "GET / HTTP/1.1" 200 6171
::1 - - [14/Jul/2013:13:12:19 +0200] "GET /swinger/swinger.css HTTP/1.1" 304 -
::1 - - [14/Jul/2013:13:12:21 +0200] "GET / HTTP/1.1" 200 6171
::1 - - [14/Jul/2013:13:12:21 +0200] "GET /swinger/swinger.css HTTP/1.1" 304 -
::1 - - [14/Jul/2013:13:11:32 +0200] "GET / HTTP/1.1" 200 6171
::1 - - [14/Jul/2013:13:36:25 +0200] "GET / HTTP/1.1" 200 6171
::1 - - [14/Jul/2013:13:36:25 +0200] "GET /swinger/swinger.css HTTP/1.1" 304 -
::1 - - [14/Jul/2013:13:36:25 +0200] "GET /favicon.ico HTTP/1.1" 304 -
::1 - - [14/Jul/2013:13:37:01 +0200] "GET /jump/right HTTP/1.1" 200 32
::1 - - [14/Jul/2013:13:37:04 +0200] "GET / HTTP/1.1" 200 6171
::1 - - [14/Jul/2013:14:10:35 +0200] "GET / HTTP/1.1" 200 6171
::1 - - [14/Jul/2013:14:10:36 +0200] "GET /swinger/swinger.css HTTP/1.1" 304 -
::1 - - [14/Jul/2013:14:10:36 +0200] "GET /favicon.ico HTTP/1.1" 304 -
::1 - - [14/Jul/2013:14:10:53 +0200] "POST /foo/bar/bla/bla HTTP/1.1" 200 32
::1 - - [14/Jul/2013:14:10:56 +0200] "GET / HTTP/1.1" 200 6172
::1 - - [14/Jul/2013:14:11:13 +0200] "POST /foo/bar/bla/bla HTTP/1.1" 200 32
::1 - - [14/Jul/2013:14:11:15 +0200] "GET / HTTP/1.1" 200 6172
::1 - - [17/Jul/2013:11:49:32 +0200] "GET / HTTP/1.1" 200 171
::1 - - [17/Jul/2013:11:49:33 +0200] "GET /favicon.ico HTTP/1.1" 304 -
::1 - - [17/Jul/2013:11:50:13 +0200] "GET / HTTP/1.1" 200 6171
::1 - - [17/Jul/2013:11:50:56 +0200] "GET / HTTP/1.1" 200 6171
::1 - - [17/Jul/2013:11:50:56 +0200] "GET /swinger/swinger.css HTTP/1.1" 304 -
::1 - - [17/Jul/2013:11:51:32 +0200] "GET / HTTP/1.1" 200 6171
::1 - - [17/Jul/2013:11:51:32 +0200] "GET /swinger/swinger.css HTTP/1.1" 304 -
::1 - - [17/Jul/2013:11:52:45 +0200] "GET / HTTP/1.1" 200 6171
::1 - - [17/Jul/2013:11:52:45 +0200] "GET /swinger/swinger.css HTTP/1.1" 304 -
::1 - - [17/Jul/2013:11:53:18 +0200] "GET / HTTP/1.1" 200 6171
::1 - - [17/Jul/2013:11:53:18 +0200] "GET /swinger/swinger.css HTTP/1.1" 304 -
::1 - - [17/Jul/2013:11:59:03 +0200] "GET / HTTP/1.1" 200 6171
::1 - - [17/Jul/2013:11:59:03 +0200] "GET /swinger/swinger.css HTTP/1.1" 304 -
::1 - - [17/Jul/2013:12:06:12 +0200] "GET / HTTP/1.1" 200 6171
::1 - - [17/Jul/2013:12:06:12 +0200] "GET /swinger/swinger.css HTTP/1.1" 304 -
::1 - - [17/Jul/2013:12:06:56 +0200] "GET / HTTP/1.1" 200 6171
::1 - - [17/Jul/2013:12:06:56 +0200] "GET /swinger/swinger.css HTTP/1.1" 304 -
::1 - - [17/Jul/2013:12:11:35 +0200] "GET / HTTP/1.1" 200 6171
::1 - - [17/Jul/2013:12:11:35 +0200] "GET /swinger/swinger.css HTTP/1.1" 304 -
::1 - - [17/Jul/2013:12:11:36 +0200] "GET / HTTP/1.1" 200 6171
::1 - - [17/Jul/2013:12:11:36 +0200] "GET /swinger/swinger.css HTTP/1.1" 304 -
::1 - - [17/Jul/2013:12:34:19 +0200] "GET / HTTP/1.1" 200 183
::1 - - [17/Jul/2013:12:34:42 +0200] "GET / HTTP/1.1" 200 6171
::1 - - [17/Jul/2013:12:34:42 +0200] "GET /swinger/swinger.css HTTP/1.1" 304 -
::1 - - [17/Jul/2013:12:44:10 +0200] "GET / HTTP/1.1" 200 6171
::1 - - [17/Jul/2013:12:44:10 +0200] "GET /swinger/swinger.css HTTP/1.1" 304 -
::1 - - [17/Jul/2013:12:44:15 +0200] "GET / HTTP/1.1" 200 6171
::1 - - [17/Jul/2013:12:44:15 +0200] "GET /swinger/swinger.css HTTP/1.1" 304 -
::1 - - [17/Jul/2013:12:44:22 +0200] "GET / HTTP/1.1" 200 6171
::1 - - [17/Jul/2013:12:44:22 +0200] "GET /swinger/swinger.css HTTP/1.1" 304 -
::1 - - [17/Jul/2013:13:07:01 +0200] "GET / HTTP/1.1" 200 6171
::1 - - [17/Jul/2013:13:07:01 +0200] "GET /swinger/swinger.css HTTP/1.1" 304 -
::1 - - [17/Jul/2013:13:07:03 +0200] "GET / HTTP/1.1" 200 6171
::1 - - [17/Jul/2013:13:07:03 +0200] "GET /swinger/swinger.css HTTP/1.1" 304 -
::1 - - [17/Jul/2013:13:07:04 +0200] "GET / HTTP/1.1" 200 6171
::1 - - [17/Jul/2013:13:07:04 +0200] "GET /swinger/swinger.css HTTP/1.1" 304 -
::1 - - [17/Jul/2013:13:12:53 +0200] "GET / HTTP/1.1" 200 6171
::1 - - [17/Jul/2013:13:12:54 +0200] "GET /swinger/swinger.css HTTP/1.1" 304 -
::1 - - [18/Jul/2013:09:56:50 +0200] "GET / HTTP/1.1" 200 455
::1 - - [18/Jul/2013:09:56:51 +0200] "GET /favicon.ico HTTP/1.1" 304 -
::1 - - [18/Jul/2013:10:14:08 +0200] "GET / HTTP/1.1" 200 146
::1 - - [18/Jul/2013:10:15:02 +0200] "GET / HTTP/1.1" 200 146
::1 - - [18/Jul/2013:10:15:05 +0200] "GET / HTTP/1.1" 200 146
::1 - - [18/Jul/2013:10:16:46 +0200] "GET / HTTP/1.1" 404 198
::1 - - [18/Jul/2013:10:16:53 +0200] "GET / HTTP/1.1" 404 198
::1 - - [18/Jul/2013:10:16:55 +0200] "GET / HTTP/1.1" 404 198
::1 - - [18/Jul/2013:10:17:26 +0200] "GET / HTTP/1.1" 404 198
::1 - - [18/Jul/2013:10:17:28 +0200] "GET / HTTP/1.1" 404 198
::1 - - [18/Jul/2013:10:17:35 +0200] "GET / HTTP/1.1" 404 198
::1 - - [18/Jul/2013:10:18:17 +0200] "GET / HTTP/1.1" 200 1212
::1 - - [18/Jul/2013:10:18:18 +0200] "GET /swinger/swinger_message.png HTTP/1.1" 404 225
::1 - - [18/Jul/2013:10:20:28 +0200] "GET / HTTP/1.1" 200 1159
::1 - - [18/Jul/2013:10:20:28 +0200] "GET /swinger/swinger_message.png HTTP/1.1" 404 225
::1 - - [18/Jul/2013:10:23:19 +0200] "GET / HTTP/1.1" 200 1159
::1 - - [18/Jul/2013:10:23:19 +0200] "GET /swinger/swinger_message.png HTTP/1.1" 404 225
::1 - - [18/Jul/2013:10:23:21 +0200] "GET / HTTP/1.1" 200 1159
::1 - - [18/Jul/2013:10:23:21 +0200] "GET /swinger/swinger_message.png HTTP/1.1" 404 225
::1 - - [18/Jul/2013:10:23:40 +0200] "GET / HTTP/1.1" 200 -
::1 - - [18/Jul/2013:10:25:14 +0200] "GET / HTTP/1.1" 200 1159
::1 - - [18/Jul/2013:10:25:14 +0200] "GET /swinger/swinger_message.png HTTP/1.1" 404 225
::1 - - [18/Jul/2013:10:25:34 +0200] "GET / HTTP/1.1" 200 -
::1 - - [18/Jul/2013:10:25:58 +0200] "GET / HTTP/1.1" 200 -
::1 - - [18/Jul/2013:10:26:12 +0200] "GET / HTTP/1.1" 200 1159
::1 - - [18/Jul/2013:10:26:12 +0200] "GET /swinger/swinger_message.png HTTP/1.1" 404 225
::1 - - [18/Jul/2013:10:28:02 +0200] "GET / HTTP/1.1" 200 457
::1 - - [18/Jul/2013:10:30:17 +0200] "GET / HTTP/1.1" 200 457
::1 - - [18/Jul/2013:10:30:19 +0200] "GET / HTTP/1.1" 200 457
::1 - - [18/Jul/2013:10:30:44 +0200] "GET / HTTP/1.1" 200 457
::1 - - [18/Jul/2013:10:32:11 +0200] "GET / HTTP/1.1" 200 2647
::1 - - [18/Jul/2013:10:32:11 +0200] "GET /swinger/swinger_message.png HTTP/1.1" 404 225
::1 - - [18/Jul/2013:10:34:03 +0200] "GET / HTTP/1.1" 200 6598
::1 - - [18/Jul/2013:10:36:24 +0200] "GET / HTTP/1.1" 200 6588
::1 - - [18/Jul/2013:10:43:33 +0200] "GET / HTTP/1.1" 200 6588
::1 - - [18/Jul/2013:10:43:56 +0200] "GET / HTTP/1.1" 200 6588
::1 - - [18/Jul/2013:10:54:23 +0200] "GET / HTTP/1.1" 200 167
::1 - - [18/Jul/2013:10:54:32 +0200] "GET / HTTP/1.1" 200 1
::1 - - [18/Jul/2013:10:55:06 +0200] "GET / HTTP/1.1" 200 1
::1 - - [18/Jul/2013:10:55:21 +0200] "GET / HTTP/1.1" 200 6542
::1 - - [18/Jul/2013:11:00:14 +0200] "GET / HTTP/1.1" 200 6171
::1 - - [18/Jul/2013:11:00:14 +0200] "GET /swinger/swinger.css HTTP/1.1" 404 217
::1 - - [18/Jul/2013:11:00:18 +0200] "GET /jump HTTP/1.1" 200 34
::1 - - [18/Jul/2013:11:00:20 +0200] "GET / HTTP/1.1" 200 6171
::1 - - [18/Jul/2013:11:00:23 +0200] "GET / HTTP/1.1" 200 6171
::1 - - [18/Jul/2013:11:00:23 +0200] "GET /swinger/swinger.css HTTP/1.1" 404 217
::1 - - [18/Jul/2013:11:01:48 +0200] "GET / HTTP/1.1" 200 6468
::1 - - [18/Jul/2013:11:02:08 +0200] "GET / HTTP/1.1" 200 6603
::1 - - [18/Jul/2013:11:02:30 +0200] "GET / HTTP/1.1" 200 6604
::1 - - [18/Jul/2013:11:03:24 +0200] "GET / HTTP/1.1" 200 6599
::1 - - [18/Jul/2013:11:03:26 +0200] "GET / HTTP/1.1" 200 6599
127.0.0.1 - - [18/Jul/2013:11:03:35 +0200] "GET / HTTP/1.1" 200 6610
127.0.0.1 - - [18/Jul/2013:11:03:46 +0200] "GET / HTTP/1.1" 200 6651
127.0.0.1 - - [18/Jul/2013:11:05:34 +0200] "GET / HTTP/1.1" 200 171
127.0.0.1 - - [18/Jul/2013:11:06:42 +0200] "GET / HTTP/1.1" 200 6187
127.0.0.1 - - [18/Jul/2013:11:06:42 +0200] "GET /swinger/swinger.css HTTP/1.1" 404 217
127.0.0.1 - - [18/Jul/2013:11:07:30 +0200] "GET / HTTP/1.1" 200 6199
127.0.0.1 - - [18/Jul/2013:11:07:30 +0200] "GET /swinger/swinger.css HTTP/1.1" 404 217
127.0.0.1 - - [18/Jul/2013:11:07:56 +0200] "GET / HTTP/1.1" 200 6171
127.0.0.1 - - [18/Jul/2013:11:07:56 +0200] "GET /swinger/swinger.css HTTP/1.1" 404 217
127.0.0.1 - - [18/Jul/2013:11:08:14 +0200] "POST /foo/bar/bla/bla HTTP/1.1" 200 32
127.0.0.1 - - [18/Jul/2013:11:08:16 +0200] "GET / HTTP/1.1" 200 6171
127.0.0.1 - - [18/Jul/2013:15:10:52 +0200] "GET / HTTP/1.1" 200 456
127.0.0.1 - - [18/Jul/2013:15:11:24 +0200] "GET / HTTP/1.1" 200 1
127.0.0.1 - - [18/Jul/2013:15:14:07 +0200] "GET / HTTP/1.1" 200 34
127.0.0.1 - - [18/Jul/2013:15:26:02 +0200] "GET / HTTP/1.1" 200 553
127.0.0.1 - - [18/Jul/2013:15:26:36 +0200] "GET / HTTP/1.1" 200 34
127.0.0.1 - - [18/Jul/2013:15:26:56 +0200] "GET / HTTP/1.1" 200 6171
127.0.0.1 - - [18/Jul/2013:15:26:56 +0200] "GET /swinger/swinger.css HTTP/1.1" 404 217
127.0.0.1 - - [18/Jul/2013:15:26:59 +0200] "GET /jump/left HTTP/1.1" 200 31
127.0.0.1 - - [18/Jul/2013:15:32:59 +0200] "GET /jump/left HTTP/1.1" 200 31
127.0.0.1 - - [18/Jul/2013:15:33:03 +0200] "GET / HTTP/1.1" 200 6171
127.0.0.1 - - [18/Jul/2013:15:33:05 +0200] "GET / HTTP/1.1" 200 6171
127.0.0.1 - - [18/Jul/2013:15:33:05 +0200] "GET /swinger/swinger.css HTTP/1.1" 404 217
::1 - - [26/Jul/2013:12:04:54 +0200] "GET / HTTP/1.1" 200 2163
::1 - - [26/Jul/2013:12:04:54 +0200] "GET /swinger/swinger_message.png HTTP/1.1" 404 225
::1 - - [26/Jul/2013:12:04:55 +0200] "GET / HTTP/1.1" 200 2163
::1 - - [26/Jul/2013:12:04:55 +0200] "GET /swinger/swinger_message.png HTTP/1.1" 404 225
::1 - - [26/Jul/2013:12:04:56 +0200] "GET /favicon.ico HTTP/1.1" 304 -
::1 - - [26/Jul/2013:12:06:00 +0200] "GET / HTTP/1.1" 200 2198
::1 - - [26/Jul/2013:12:06:00 +0200] "GET /swinger/swinger_message.png HTTP/1.1" 404 225
::1 - - [26/Jul/2013:12:06:17 +0200] "GET / HTTP/1.1" 200 2200
::1 - - [26/Jul/2013:12:06:17 +0200] "GET /swinger/swinger_message.png HTTP/1.1" 404 225
::1 - - [26/Jul/2013:12:07:08 +0200] "GET / HTTP/1.1" 200 2200
::1 - - [26/Jul/2013:12:07:08 +0200] "GET /swinger/swinger_message.png HTTP/1.1" 404 225
127.0.0.1 - - [26/Jul/2013:12:09:22 +0200] "GET / HTTP/1.1" 200 2200
127.0.0.1 - - [26/Jul/2013:12:09:22 +0200] "GET /swinger/swinger_message.png HTTP/1.1" 404 225
127.0.0.1 - - [26/Jul/2013:12:10:38 +0200] "GET / HTTP/1.1" 200 6167
127.0.0.1 - - [26/Jul/2013:12:10:38 +0200] "GET /swinger/swinger.css HTTP/1.1" 404 217
::1 - - [26/Jul/2013:12:10:49 +0200] "POST /command/bye HTTP/1.1" 200 19
::1 - - [26/Jul/2013:12:10:51 +0200] "GET / HTTP/1.1" 200 6167
::1 - - [26/Jul/2013:12:10:58 +0200] "GET / HTTP/1.1" 200 6167
::1 - - [26/Jul/2013:12:11:00 +0200] "GET / HTTP/1.1" 200 6167
::1 - - [26/Jul/2013:12:11:00 +0200] "GET /swinger/swinger.css HTTP/1.1" 404 217
::1 - - [26/Jul/2013:12:12:31 +0200] "GET / HTTP/1.1" 200 6167
::1 - - [26/Jul/2013:12:12:31 +0200] "GET /swinger/swinger.css HTTP/1.1" 404 217
::1 - - [26/Jul/2013:12:12:33 +0200] "GET / HTTP/1.1" 200 6167
::1 - - [26/Jul/2013:12:12:34 +0200] "GET /swinger/swinger.css HTTP/1.1" 404 217
::1 - - [26/Jul/2013:12:12:36 +0200] "GET / HTTP/1.1" 200 6167
::1 - - [26/Jul/2013:12:12:37 +0200] "GET /swinger/swinger.css HTTP/1.1" 404 217
::1 - - [26/Jul/2013:12:14:00 +0200] "GET / HTTP/1.1" 200 6167
::1 - - [26/Jul/2013:12:14:00 +0200] "GET /swinger/swinger.css HTTP/1.1" 404 217
::1 - - [26/Jul/2013:12:14:03 +0200] "GET / HTTP/1.1" 200 6167
::1 - - [26/Jul/2013:12:14:03 +0200] "GET /swinger/swinger.css HTTP/1.1" 404 217
::1 - - [26/Jul/2013:12:14:21 +0200] "GET / HTTP/1.1" 200 5338
::1 - - [26/Jul/2013:12:14:40 +0200] "GET / HTTP/1.1" 200 2537
::1 - - [26/Jul/2013:12:14:40 +0200] "GET /swinger/swinger_message.png HTTP/1.1" 404 225
127.0.0.1 - - [26/Jul/2013:12:16:18 +0200] "GET / HTTP/1.1" 200 2537
127.0.0.1 - - [26/Jul/2013:12:16:18 +0200] "GET /swinger/swinger_message.png HTTP/1.1" 404 225
127.0.0.1 - - [26/Jul/2013:12:16:21 +0200] "GET / HTTP/1.1" 200 2537
127.0.0.1 - - [26/Jul/2013:12:16:21 +0200] "GET /swinger/swinger_message.png HTTP/1.1" 404 225
127.0.0.1 - - [26/Jul/2013:12:18:23 +0200] "GET / HTTP/1.1" 200 2537
127.0.0.1 - - [26/Jul/2013:12:18:23 +0200] "GET /swinger/swinger_message.png HTTP/1.1" 404 225
127.0.0.1 - - [26/Jul/2013:12:29:45 +0200] "GET / HTTP/1.1" 200 2494
127.0.0.1 - - [26/Jul/2013:12:31:48 +0200] "GET / HTTP/1.1" 200 2554
127.0.0.1 - - [26/Jul/2013:12:31:50 +0200] "GET / HTTP/1.1" 200 2554
127.0.0.1 - - [26/Jul/2013:12:31:52 +0200] "GET / HTTP/1.1" 200 2554
127.0.0.1 - - [26/Jul/2013:12:42:19 +0200] "GET / HTTP/1.1" 200 2524
127.0.0.1 - - [26/Jul/2013:12:42:21 +0200] "GET / HTTP/1.1" 200 2524
127.0.0.1 - - [26/Jul/2013:12:42:23 +0200] "GET / HTTP/1.1" 200 2524
127.0.0.1 - - [26/Jul/2013:12:42:25 +0200] "GET / HTTP/1.1" 200 2524
127.0.0.1 - - [26/Jul/2013:12:42:45 +0200] "GET / HTTP/1.1" 200 2653
127.0.0.1 - - [26/Jul/2013:12:43:11 +0200] "GET / HTTP/1.1" 200 2653
