20130717130701 Benk I R Starting with PID 483
20130717130701 Benk E L A%20provisioning%20error%20occurred%20on%20the%20VOIP%20flow.%0ANumber%3A0123456789%0AId%3A37
20130717130703 xwAG I R Starting with PID 483
20130717130703 xwAG E L A%20provisioning%20error%20occurred%20on%20the%20VOIP%20flow.%0ANumber%3A0123456789%0AId%3A37
20130717130704 654L I R Starting with PID 483
20130717130704 654L E L A%20provisioning%20error%20occurred%20on%20the%20VOIP%20flow.%0ANumber%3A0123456789%0AId%3A37
20130717131254 WsIm I R Starting with PID 486
20130717131254 WsIm E L A%20provisioning%20error%20occurred%20on%20the%20VOIP%20flow.%0ANumber%3A0123456789%0AId%3A37
20130718110014 nx5L I R Starting with PID 574
20130718110014 nx5L E L A%20provisioning%20error%20occurred%20on%20the%20VOIP%20flow.%0ANumber%3A0123456789%0AId%3A37
20130718110018 HqBm I R Starting with PID 574
20130718110018 HqBm E L A%20provisioning%20error%20occurred%20on%20the%20VOIP%20flow.%0ANumber%3A0123456789%0AId%3A37
20130718110020 han3 I R Starting with PID 574
20130718110020 han3 E L A%20provisioning%20error%20occurred%20on%20the%20VOIP%20flow.%0ANumber%3A0123456789%0AId%3A37
20130718110023 DB6H I R Starting with PID 574
20130718110023 DB6H E L A%20provisioning%20error%20occurred%20on%20the%20VOIP%20flow.%0ANumber%3A0123456789%0AId%3A37
20130718110642 ihpi I R Starting with PID 575
20130718110642 ihpi E L A%20provisioning%20error%20occurred%20on%20the%20VOIP%20flow.%0ANumber%3A0123456789%0AId%3A37
20130718110730 9UiW I R Starting with PID 581
20130718110730 9UiW E L A%20provisioning%20error%20occurred%20on%20the%20VOIP%20flow.%0ANumber%3A0123456789%0AId%3A37
20130718110756 dE7y I R Starting with PID 576
20130718110756 dE7y E L A%20provisioning%20error%20occurred%20on%20the%20VOIP%20flow.%0ANumber%3A0123456789%0AId%3A37
20130718110814 Rt5P I R Starting with PID 577
20130718110814 Rt5P E L A%20provisioning%20error%20occurred%20on%20the%20VOIP%20flow.%0ANumber%3A0123456789%0AId%3A37
20130718110816 sCEI I R Starting with PID 577
20130718110816 sCEI E L A%20provisioning%20error%20occurred%20on%20the%20VOIP%20flow.%0ANumber%3A0123456789%0AId%3A37
20130718152656 zVVK I R Starting with PID 1570
20130718152656 zVVK E L A%20provisioning%20error%20occurred%20on%20the%20VOIP%20flow.%0ANumber%3A0123456789%0AId%3A37
20130718152659 vfQ4 I R Starting with PID 1570
20130718152659 vfQ4 E L A%20provisioning%20error%20occurred%20on%20the%20VOIP%20flow.%0ANumber%3A0123456789%0AId%3A37
20130718153259 PWoy I R Starting with PID 1565
20130718153259 PWoy E L A%20provisioning%20error%20occurred%20on%20the%20VOIP%20flow.%0ANumber%3A0123456789%0AId%3A37
20130718153303 bmpq I R Starting with PID 1565
20130718153303 bmpq E L A%20provisioning%20error%20occurred%20on%20the%20VOIP%20flow.%0ANumber%3A0123456789%0AId%3A37
20130718153305 DWQz I R Starting with PID 1565
20130718153305 DWQz E L A%20provisioning%20error%20occurred%20on%20the%20VOIP%20flow.%0ANumber%3A0123456789%0AId%3A37
20130726121038 M7hD I R Starting with PID 728
20130726121038 M7hD E L A%20provisioning%20error%20occurred%20on%20the%20VOIP%20flow.%0ANumber%3A0123456789%0AId%3A37
20130726121050 7hcc I R Starting with PID 738
20130726121050 7hcc E L A%20provisioning%20error%20occurred%20on%20the%20VOIP%20flow.%0ANumber%3A0123456789%0AId%3A37
20130726121051 JpnN I R Starting with PID 738
20130726121051 JpnN E L A%20provisioning%20error%20occurred%20on%20the%20VOIP%20flow.%0ANumber%3A0123456789%0AId%3A37
20130726121058 kHhv I R Starting with PID 729
20130726121058 kHhv E L A%20provisioning%20error%20occurred%20on%20the%20VOIP%20flow.%0ANumber%3A0123456789%0AId%3A37
20130726121100 ZXgm I R Starting with PID 729
20130726121100 ZXgm E L A%20provisioning%20error%20occurred%20on%20the%20VOIP%20flow.%0ANumber%3A0123456789%0AId%3A37
20130726121231 tsQi I R Starting with PID 731
20130726121231 tsQi E L A%20provisioning%20error%20occurred%20on%20the%20VOIP%20flow.%0ANumber%3A0123456789%0AId%3A37
20130726121234 S4Vn I R Starting with PID 731
20130726121234 S4Vn E L A%20provisioning%20error%20occurred%20on%20the%20VOIP%20flow.%0ANumber%3A0123456789%0AId%3A37
20130726121236 38Wu I R Starting with PID 731
20130726121236 38Wu E L A%20provisioning%20error%20occurred%20on%20the%20VOIP%20flow.%0ANumber%3A0123456789%0AId%3A37
20130726121400 aZ8V I R Starting with PID 730
20130726121400 aZ8V E L A%20provisioning%20error%20occurred%20on%20the%20VOIP%20flow.%0ANumber%3A0123456789%0AId%3A37
20130726121403 wzKP I R Starting with PID 730
20130726121403 wzKP E L A%20provisioning%20error%20occurred%20on%20the%20VOIP%20flow.%0ANumber%3A0123456789%0AId%3A37
